INFO:     Will watch for changes in these directories: ['/root/aisg_project/backend']
INFO:     Uvicorn running on http://0.0.0.0:8100 (Press CTRL+C to quit)
INFO:     Started reloader process [70431] using StatReload
INFO:     Started server process [70444]
INFO:     Waiting for application startup.
INFO:     Application startup complete.
Connecting to database: aisgqa.cz0rtlegnc6d.us-east-1.rds.amazonaws.com:1433/aisgProduction
INFO:     200.188.103.224:61465 - "GET /reports/operation-reports-v2 HTTP/1.1" 200 OK
INFO:     200.188.103.224:61464 - "GET /reports/operation-reports-v2 HTTP/1.1" 200 OK
INFO:     200.188.103.224:61484 - "GET /reports/operation-reports-v2 HTTP/1.1" 200 OK
INFO:     200.188.103.224:61485 - "GET /reports/operation-reports-v2 HTTP/1.1" 200 OK
INFO:     200.188.103.224:61499 - "GET /reports/operation-reports-v2 HTTP/1.1" 200 OK
INFO:     200.188.103.224:61498 - "GET /reports/operation-reports-v2 HTTP/1.1" 200 OK
WARNING:  StatReload detected changes in 'app/routers/reports.py'. Reloading...
INFO:     Shutting down
INFO:     Waiting for application shutdown.
INFO:     Application shutdown complete.
INFO:     Finished server process [70444]
INFO:     Started server process [70745]
INFO:     Waiting for application startup.
INFO:     Application startup complete.
Traceback (most recent call last):
  File "/root/aisg_project/backend/app/routers/reports.py", line 250, in get_operation_reports_v2
    result_proxy = db.execute(text(sql_query)).fetchall()
                   ^^^^^^^^^^^^^^^^^^^^^^^^^^^^^^^^^^^^^^
  File "/root/aisg_project/backend/venv/lib/python3.11/site-packages/sqlalchemy/engine/result.py", line 1072, in fetchall
    return self._allrows()
           ^^^^^^^^^^^^^^^
  File "/root/aisg_project/backend/venv/lib/python3.11/site-packages/sqlalchemy/engine/result.py", line 399, in _allrows
    make_row = self._row_getter
               ^^^^^^^^^^^^^^^^
  File "/root/aisg_project/backend/venv/lib/python3.11/site-packages/sqlalchemy/util/langhelpers.py", line 1184, in __get__
    obj.__dict__[self.__name__] = result = self.fget(obj)
                                           ^^^^^^^^^^^^^^
  File "/root/aisg_project/backend/venv/lib/python3.11/site-packages/sqlalchemy/engine/result.py", line 320, in _row_getter
    keymap = metadata._keymap
             ^^^^^^^^^^^^^^^^
  File "/root/aisg_project/backend/venv/lib/python3.11/site-packages/sqlalchemy/engine/cursor.py", line 1221, in _keymap
    self._we_dont_return_rows()
  File "/root/aisg_project/backend/venv/lib/python3.11/site-packages/sqlalchemy/engine/cursor.py", line 1202, in _we_dont_return_rows
    util.raise_(
  File "/root/aisg_project/backend/venv/lib/python3.11/site-packages/sqlalchemy/util/compat.py", line 211, in raise_
    raise exception
sqlalchemy.exc.ResourceClosedError: This result object does not return rows. It has been closed automatically.
Traceback (most recent call last):
  File "/root/aisg_project/backend/app/routers/reports.py", line 250, in get_operation_reports_v2
    result_proxy = db.execute(text(sql_query)).fetchall()
                   ^^^^^^^^^^^^^^^^^^^^^^^^^^^^^^^^^^^^^^
  File "/root/aisg_project/backend/venv/lib/python3.11/site-packages/sqlalchemy/engine/result.py", line 1072, in fetchall
    return self._allrows()
           ^^^^^^^^^^^^^^^
  File "/root/aisg_project/backend/venv/lib/python3.11/site-packages/sqlalchemy/engine/result.py", line 399, in _allrows
    make_row = self._row_getter
               ^^^^^^^^^^^^^^^^
  File "/root/aisg_project/backend/venv/lib/python3.11/site-packages/sqlalchemy/util/langhelpers.py", line 1184, in __get__
    obj.__dict__[self.__name__] = result = self.fget(obj)
                                           ^^^^^^^^^^^^^^
  File "/root/aisg_project/backend/venv/lib/python3.11/site-packages/sqlalchemy/engine/result.py", line 320, in _row_getter
    keymap = metadata._keymap
             ^^^^^^^^^^^^^^^^
  File "/root/aisg_project/backend/venv/lib/python3.11/site-packages/sqlalchemy/engine/cursor.py", line 1221, in _keymap
    self._we_dont_return_rows()
  File "/root/aisg_project/backend/venv/lib/python3.11/site-packages/sqlalchemy/engine/cursor.py", line 1202, in _we_dont_return_rows
    util.raise_(
  File "/root/aisg_project/backend/venv/lib/python3.11/site-packages/sqlalchemy/util/compat.py", line 211, in raise_
    raise exception
sqlalchemy.exc.ResourceClosedError: This result object does not return rows. It has been closed automatically.
Connecting to database: aisgqa.cz0rtlegnc6d.us-east-1.rds.amazonaws.com:1433/aisgProduction
INFO:     200.188.103.224:61515 - "GET /reports/operation-reports-v2 HTTP/1.1" 500 Internal Server Error
INFO:     200.188.103.224:61516 - "GET /reports/operation-reports-v2 HTTP/1.1" 500 Internal Server Error
WARNING:  StatReload detected changes in 'app/routers/reports.py'. Reloading...
INFO:     Shutting down
INFO:     Waiting for application shutdown.
INFO:     Application shutdown complete.
INFO:     Finished server process [70745]
INFO:     Started server process [70776]
INFO:     Waiting for application startup.
INFO:     Application startup complete.
Connecting to database: aisgqa.cz0rtlegnc6d.us-east-1.rds.amazonaws.com:1433/aisgProduction
INFO:     200.188.103.224:61526 - "GET /reports/operation-reports-v2 HTTP/1.1" 200 OK
INFO:     200.188.103.224:61525 - "GET /reports/operation-reports-v2 HTTP/1.1" 200 OK
INFO:     200.188.103.224:61601 - "GET /reports/operation-reports-v2 HTTP/1.1" 200 OK
INFO:     200.188.103.224:61601 - "GET /reports/operation-reports-v2 HTTP/1.1" 200 OK
INFO:     200.188.103.224:61609 - "GET /reports/operation-reports-v2 HTTP/1.1" 200 OK
INFO:     66.179.95.14:61193 - "GET /catalog/service-per-customer/dropdown/companies HTTP/1.1" 200 OK
INFO:     66.179.95.14:61194 - "GET /catalog/service-per-customer/dropdown/companies HTTP/1.1" 200 OK
INFO:     66.179.95.14:61193 - "GET /catalog/service-per-customer/92 HTTP/1.1" 200 OK
INFO:     66.179.95.14:61194 - "GET /catalog/service-per-customer/92 HTTP/1.1" 200 OK
INFO:     66.179.95.14:61193 - "GET /catalog/service-per-customer/dropdown/clients?company_code=AST HTTP/1.1" 200 OK
INFO:     66.179.95.14:61193 - "GET /catalog/services?client_id=49 HTTP/1.1" 307 Temporary Redirect
INFO:     66.179.95.14:61194 - "GET /catalog/service-per-customer/dropdown/clients?company_code=AST HTTP/1.1" 200 OK
INFO:     66.179.95.14:61193 - "GET /catalog/services/?client_id=49 HTTP/1.1" 200 OK
INFO:     66.179.95.14:61194 - "GET /catalog/services?client_id=49 HTTP/1.1" 307 Temporary Redirect
INFO:     66.179.95.14:61194 - "GET /catalog/services/?client_id=49 HTTP/1.1" 200 OK
INFO:     66.179.95.14:61193 - "GET /aircraft-models/ HTTP/1.1" 200 OK
INFO:     66.179.95.14:61194 - "GET /aircraft-models/ HTTP/1.1" 200 OK
INFO:     66.179.95.14:61194 - "OPTIONS /catalog/service-per-customer/92 HTTP/1.1" 200 OK
INFO:     66.179.95.14:61193 - "PUT /catalog/service-per-customer/92 HTTP/1.1" 200 OK
INFO:     66.179.95.14:61193 - "GET /catalog/clients HTTP/1.1" 307 Temporary Redirect
INFO:     66.179.95.14:61194 - "GET /catalog/services HTTP/1.1" 307 Temporary Redirect
INFO:     66.179.95.14:61201 - "GET /catalog/service-per-customer HTTP/1.1" 307 Temporary Redirect
INFO:     66.179.95.14:61200 - "GET /companies/ HTTP/1.1" 200 OK
INFO:     66.179.95.14:61193 - "GET /catalog/clients HTTP/1.1" 307 Temporary Redirect
INFO:     66.179.95.14:61203 - "GET /catalog/services HTTP/1.1" 307 Temporary Redirect
INFO:     66.179.95.14:61202 - "GET /catalog/service-per-customer HTTP/1.1" 307 Temporary Redirect
INFO:     66.179.95.14:61203 - "GET /companies/ HTTP/1.1" 200 OK
INFO:     66.179.95.14:61194 - "GET /catalog/clients/ HTTP/1.1" 200 OK
INFO:     66.179.95.14:61200 - "GET /catalog/clients/ HTTP/1.1" 200 OK
INFO:     66.179.95.14:61201 - "GET /catalog/services/ HTTP/1.1" 200 OK
INFO:     66.179.95.14:61194 - "GET /catalog/services/ HTTP/1.1" 200 OK
INFO:     66.179.95.14:61193 - "GET /catalog/service-per-customer/ HTTP/1.1" 200 OK
INFO:     66.179.95.14:61201 - "GET /catalog/service-per-customer/ HTTP/1.1" 200 OK
INFO:     66.179.95.14:61224 - "OPTIONS /login HTTP/1.1" 200 OK
Login attempt for userNick: admin
INFO:     66.179.95.14:61225 - "POST /login HTTP/1.1" 200 OK
INFO:     66.179.95.14:61236 - "GET /catalog/clients HTTP/1.1" 307 Temporary Redirect
INFO:     66.179.95.14:61237 - "GET /companies/ HTTP/1.1" 200 OK
INFO:     66.179.95.14:61236 - "GET /catalog/clients HTTP/1.1" 307 Temporary Redirect
INFO:     66.179.95.14:61234 - "GET /catalog/services HTTP/1.1" 307 Temporary Redirect
INFO:     66.179.95.14:61235 - "GET /catalog/service-per-customer HTTP/1.1" 307 Temporary Redirect
INFO:     66.179.95.14:61234 - "GET /catalog/services HTTP/1.1" 307 Temporary Redirect
INFO:     66.179.95.14:61235 - "GET /companies/ HTTP/1.1" 200 OK
INFO:     66.179.95.14:61236 - "GET /catalog/services/ HTTP/1.1" 200 OK
INFO:     66.179.95.14:61238 - "GET /catalog/clients/ HTTP/1.1" 200 OK
INFO:     66.179.95.14:61239 - "GET /catalog/service-per-customer HTTP/1.1" 307 Temporary Redirect
INFO:     66.179.95.14:61234 - "GET /catalog/service-per-customer/ HTTP/1.1" 200 OK
INFO:     66.179.95.14:61239 - "GET /catalog/clients/ HTTP/1.1" 200 OK
INFO:     66.179.95.14:61236 - "GET /catalog/service-per-customer/ HTTP/1.1" 200 OK
INFO:     66.179.95.14:61237 - "GET /catalog/services/ HTTP/1.1" 200 OK
INFO:     66.179.95.14:61237 - "GET /catalog/service-per-customer/dropdown/companies HTTP/1.1" 200 OK
INFO:     66.179.95.14:61239 - "GET /catalog/service-per-customer/dropdown/companies HTTP/1.1" 200 OK
INFO:     66.179.95.14:61237 - "GET /catalog/service-per-customer/92 HTTP/1.1" 200 OK
INFO:     66.179.95.14:61239 - "GET /catalog/service-per-customer/92 HTTP/1.1" 200 OK
INFO:     66.179.95.14:61237 - "GET /catalog/service-per-customer/dropdown/clients?company_code=AST HTTP/1.1" 200 OK
INFO:     66.179.95.14:61237 - "GET /catalog/services?client_id=49 HTTP/1.1" 307 Temporary Redirect
INFO:     66.179.95.14:61239 - "GET /catalog/service-per-customer/dropdown/clients?company_code=AST HTTP/1.1" 200 OK
INFO:     66.179.95.14:61237 - "GET /catalog/services/?client_id=49 HTTP/1.1" 200 OK
INFO:     66.179.95.14:61239 - "GET /catalog/services?client_id=49 HTTP/1.1" 307 Temporary Redirect
INFO:     66.179.95.14:61239 - "GET /catalog/services/?client_id=49 HTTP/1.1" 200 OK
INFO:     66.179.95.14:61237 - "GET /aircraft-models/ HTTP/1.1" 200 OK
INFO:     66.179.95.14:61239 - "GET /aircraft-models/ HTTP/1.1" 200 OK
INFO:     66.179.95.14:61239 - "PUT /catalog/service-per-customer/92 HTTP/1.1" 200 OK
INFO:     66.179.95.14:61239 - "GET /catalog/clients HTTP/1.1" 307 Temporary Redirect
INFO:     66.179.95.14:61237 - "GET /catalog/services HTTP/1.1" 307 Temporary Redirect
INFO:     66.179.95.14:61244 - "GET /companies/ HTTP/1.1" 200 OK
INFO:     66.179.95.14:61239 - "GET /catalog/service-per-customer HTTP/1.1" 307 Temporary Redirect
INFO:     66.179.95.14:61237 - "GET /catalog/clients HTTP/1.1" 307 Temporary Redirect
INFO:     66.179.95.14:61243 - "GET /catalog/services HTTP/1.1" 307 Temporary Redirect
INFO:     66.179.95.14:61239 - "GET /catalog/service-per-customer HTTP/1.1" 307 Temporary Redirect
INFO:     66.179.95.14:61245 - "GET /catalog/services/ HTTP/1.1" 200 OK
INFO:     66.179.95.14:61246 - "GET /catalog/clients/ HTTP/1.1" 200 OK
INFO:     66.179.95.14:61243 - "GET /companies/ HTTP/1.1" 200 OK
INFO:     66.179.95.14:61239 - "GET /catalog/services/ HTTP/1.1" 200 OK
INFO:     66.179.95.14:61237 - "GET /catalog/service-per-customer/ HTTP/1.1" 200 OK
INFO:     66.179.95.14:61244 - "GET /catalog/clients/ HTTP/1.1" 200 OK
INFO:     66.179.95.14:61245 - "GET /catalog/service-per-customer/ HTTP/1.1" 200 OK
INFO:     200.188.103.224:61670 - "GET /reports/services-reports HTTP/1.1" 200 OK
INFO:     200.188.103.224:61671 - "GET /reports/services-reports HTTP/1.1" 200 OK
INFO:     200.188.103.224:61676 - "GET /reports/operation-reports-v2 HTTP/1.1" 200 OK
INFO:     200.188.103.224:61677 - "GET /reports/operation-reports-v2 HTTP/1.1" 200 OK
INFO:     200.188.103.224:61745 - "GET /reports/operation-reports-v2 HTTP/1.1" 200 OK
INFO:     200.188.103.224:61744 - "GET /reports/operation-reports-v2 HTTP/1.1" 200 OK
INFO:     200.188.103.224:61751 - "GET /reports/services-reports HTTP/1.1" 200 OK
INFO:     200.188.103.224:61752 - "GET /reports/services-reports HTTP/1.1" 200 OK
WARNING:  StatReload detected changes in 'app/schemas_reports.py'. Reloading...
INFO:     Shutting down
INFO:     Waiting for application shutdown.
INFO:     Application shutdown complete.
INFO:     Finished server process [70776]
INFO:     Started server process [71576]
INFO:     Waiting for application startup.
INFO:     Application startup complete.
WARNING:  StatReload detected changes in 'app/routers/reports.py'. Reloading...
INFO:     Shutting down
INFO:     Waiting for application shutdown.
INFO:     Application shutdown complete.
INFO:     Finished server process [71576]
INFO:     Started server process [71641]
INFO:     Waiting for application startup.
INFO:     Application startup complete.
Traceback (most recent call last):
  File "/root/aisg_project/backend/venv/lib/python3.11/site-packages/sqlalchemy/engine/base.py", line 1910, in _execute_context
    self.dialect.do_execute(
  File "/root/aisg_project/backend/venv/lib/python3.11/site-packages/sqlalchemy/engine/default.py", line 736, in do_execute
    cursor.execute(statement, parameters)
pyodbc.ProgrammingError: ('42000', "[42000] [Microsoft][ODBC Driver 18 for SQL Server][SQL Server]Column 'aisgProduction.dbo.DBSaleVuelo.claveProducto' is invalid in the select list because it is not contained in either an aggregate function or the GROUP BY clause. (8120) (SQLExecDirectW)")

The above exception was the direct cause of the following exception:

Traceback (most recent call last):
  File "/root/aisg_project/backend/app/routers/reports.py", line 448, in get_services_reports
    result_proxy = db.execute(text(sql_query)).fetchall()
                   ^^^^^^^^^^^^^^^^^^^^^^^^^^^
  File "/root/aisg_project/backend/venv/lib/python3.11/site-packages/sqlalchemy/orm/session.py", line 1717, in execute
    result = conn._execute_20(statement, params or {}, execution_options)
             ^^^^^^^^^^^^^^^^^^^^^^^^^^^^^^^^^^^^^^^^^^^^^^^^^^^^^^^^^^^^
  File "/root/aisg_project/backend/venv/lib/python3.11/site-packages/sqlalchemy/engine/base.py", line 1710, in _execute_20
    return meth(self, args_10style, kwargs_10style, execution_options)
           ^^^^^^^^^^^^^^^^^^^^^^^^^^^^^^^^^^^^^^^^^^^^^^^^^^^^^^^^^^^
  File "/root/aisg_project/backend/venv/lib/python3.11/site-packages/sqlalchemy/sql/elements.py", line 334, in _execute_on_connection
    return connection._execute_clauseelement(
           ^^^^^^^^^^^^^^^^^^^^^^^^^^^^^^^^^^
  File "/root/aisg_project/backend/venv/lib/python3.11/site-packages/sqlalchemy/engine/base.py", line 1577, in _execute_clauseelement
    ret = self._execute_context(
          ^^^^^^^^^^^^^^^^^^^^^^
  File "/root/aisg_project/backend/venv/lib/python3.11/site-packages/sqlalchemy/engine/base.py", line 1953, in _execute_context
    self._handle_dbapi_exception(
  File "/root/aisg_project/backend/venv/lib/python3.11/site-packages/sqlalchemy/engine/base.py", line 2134, in _handle_dbapi_exception
    util.raise_(
  File "/root/aisg_project/backend/venv/lib/python3.11/site-packages/sqlalchemy/util/compat.py", line 211, in raise_
    raise exception
  File "/root/aisg_project/backend/venv/lib/python3.11/site-packages/sqlalchemy/engine/base.py", line 1910, in _execute_context
    self.dialect.do_execute(
  File "/root/aisg_project/backend/venv/lib/python3.11/site-packages/sqlalchemy/engine/default.py", line 736, in do_execute
    cursor.execute(statement, parameters)
sqlalchemy.exc.ProgrammingError: (pyodbc.ProgrammingError) ('42000', "[42000] [Microsoft][ODBC Driver 18 for SQL Server][SQL Server]Column 'aisgProduction.dbo.DBSaleVuelo.claveProducto' is invalid in the select list because it is not contained in either an aggregate function or the GROUP BY clause. (8120) (SQLExecDirectW)")
[SQL: 
            SELECT
                cc.companyCode                              AS COMPANY,
                cc.llave                                    AS LLAVE, -- Campo LLAVE añadido
                ac.nombre                                   AS AIRLINE,
                se.fecha                                    AS DATE,
                sv.station                                  AS STATION,
                sv.matricula                                AS AC_REG,
                sv.vuelo                                    AS FLIGHT,
                sv.avion                                    AS AC_TYPE,
                 sv.claveProducto                            AS [ASSISTANT TYPE], -- Comentado ya que no está en ServicesReportResponse
                sv.aog                                      AS [AOG], -- Comentado ya que no está en ServicesReportResponse
                se.horaInicio                               AS START_TIME,
                se.horaFin                                  AS END_TIME,
                (se.horaFin - se.horaInicio)                AS [TOTAL TECHNICIAN TIME], -- Usado para ON_GND
                cs.service_name                             AS SERVICE,
                essa.work_reference                         AS WORK_REFERENCE,
                CONCAT(te.paterno, ' ', te.materno, ' ',
                    te.primerNombre, ' ',
                    ISNULL(te.segundoNombre, ''))        AS TECHNICIAN

            FROM aisgProduction.dbo.ExtraServiceSaleAssignment     AS essa
            INNER JOIN aisgProduction.dbo.ServicePerCustomer       AS spc
                ON essa.id_service_per_customer = spc.id_service_per_customer
            INNER JOIN aisgProduction.dbo.CatalogServices          AS cs
                ON spc.id_service = cs.id_service
            INNER JOIN aisgProduction.dbo.DBTableEstCompanyCode    AS cc
                ON spc.id_company = cc.llave
            INNER JOIN aisgProduction.dbo.DBSaleEmpleado           AS se
                ON essa.id_sale_employee = se.llave
            INNER JOIN aisgProduction.dbo.DBTableEmployee          AS te
                ON se.empleado = te.numeroNomina
            INNER JOIN aisgProduction.dbo.DBSaleVuelo              AS sv
                ON essa.id_sale_flight = sv.llave
            INNER JOIN aisgProduction.dbo.DBTableDtClienteHeader   AS ch
                ON spc.id_client = ch.llave
            INNER JOIN aisgProduction.dbo.DBTableAirlineCode       AS ac
                ON ch.noCliente = ac.linea

            WHERE cs.service_name IS NOT NULL
            -- GROUP BY para asegurar unicidad si es necesario, aunque la estructura del JOIN ya debería manejarlo
            -- Si se requiere GROUP BY, añadir todos los campos seleccionados no agregados
            GROUP BY
                cc.companyCode,
                cc.llave,
                ac.nombre,
                se.fecha,
                sv.station,
                sv.matricula,
                sv.vuelo,
                sv.avion,
                se.horaInicio,
                se.horaFin,
                cs.service_name,
                essa.work_reference,
                te.paterno, te.materno, te.primerNombre, te.segundoNombre;
        ]
(Background on this error at: https://sqlalche.me/e/14/f405)
Traceback (most recent call last):
  File "/root/aisg_project/backend/venv/lib/python3.11/site-packages/sqlalchemy/engine/base.py", line 1910, in _execute_context
    self.dialect.do_execute(
  File "/root/aisg_project/backend/venv/lib/python3.11/site-packages/sqlalchemy/engine/default.py", line 736, in do_execute
    cursor.execute(statement, parameters)
pyodbc.ProgrammingError: ('42000', "[42000] [Microsoft][ODBC Driver 18 for SQL Server][SQL Server]Column 'aisgProduction.dbo.DBSaleVuelo.claveProducto' is invalid in the select list because it is not contained in either an aggregate function or the GROUP BY clause. (8120) (SQLExecDirectW)")

The above exception was the direct cause of the following exception:

Traceback (most recent call last):
  File "/root/aisg_project/backend/app/routers/reports.py", line 448, in get_services_reports
    result_proxy = db.execute(text(sql_query)).fetchall()
                   ^^^^^^^^^^^^^^^^^^^^^^^^^^^
  File "/root/aisg_project/backend/venv/lib/python3.11/site-packages/sqlalchemy/orm/session.py", line 1717, in execute
    result = conn._execute_20(statement, params or {}, execution_options)
             ^^^^^^^^^^^^^^^^^^^^^^^^^^^^^^^^^^^^^^^^^^^^^^^^^^^^^^^^^^^^
  File "/root/aisg_project/backend/venv/lib/python3.11/site-packages/sqlalchemy/engine/base.py", line 1710, in _execute_20
    return meth(self, args_10style, kwargs_10style, execution_options)
           ^^^^^^^^^^^^^^^^^^^^^^^^^^^^^^^^^^^^^^^^^^^^^^^^^^^^^^^^^^^
  File "/root/aisg_project/backend/venv/lib/python3.11/site-packages/sqlalchemy/sql/elements.py", line 334, in _execute_on_connection
    return connection._execute_clauseelement(
           ^^^^^^^^^^^^^^^^^^^^^^^^^^^^^^^^^^
  File "/root/aisg_project/backend/venv/lib/python3.11/site-packages/sqlalchemy/engine/base.py", line 1577, in _execute_clauseelement
    ret = self._execute_context(
          ^^^^^^^^^^^^^^^^^^^^^^
  File "/root/aisg_project/backend/venv/lib/python3.11/site-packages/sqlalchemy/engine/base.py", line 1953, in _execute_context
    self._handle_dbapi_exception(
  File "/root/aisg_project/backend/venv/lib/python3.11/site-packages/sqlalchemy/engine/base.py", line 2134, in _handle_dbapi_exception
    util.raise_(
  File "/root/aisg_project/backend/venv/lib/python3.11/site-packages/sqlalchemy/util/compat.py", line 211, in raise_
    raise exception
  File "/root/aisg_project/backend/venv/lib/python3.11/site-packages/sqlalchemy/engine/base.py", line 1910, in _execute_context
    self.dialect.do_execute(
  File "/root/aisg_project/backend/venv/lib/python3.11/site-packages/sqlalchemy/engine/default.py", line 736, in do_execute
    cursor.execute(statement, parameters)
sqlalchemy.exc.ProgrammingError: (pyodbc.ProgrammingError) ('42000', "[42000] [Microsoft][ODBC Driver 18 for SQL Server][SQL Server]Column 'aisgProduction.dbo.DBSaleVuelo.claveProducto' is invalid in the select list because it is not contained in either an aggregate function or the GROUP BY clause. (8120) (SQLExecDirectW)")
[SQL: 
            SELECT
                cc.companyCode                              AS COMPANY,
                cc.llave                                    AS LLAVE, -- Campo LLAVE añadido
                ac.nombre                                   AS AIRLINE,
                se.fecha                                    AS DATE,
                sv.station                                  AS STATION,
                sv.matricula                                AS AC_REG,
                sv.vuelo                                    AS FLIGHT,
                sv.avion                                    AS AC_TYPE,
                 sv.claveProducto                            AS [ASSISTANT TYPE], -- Comentado ya que no está en ServicesReportResponse
                sv.aog                                      AS [AOG], -- Comentado ya que no está en ServicesReportResponse
                se.horaInicio                               AS START_TIME,
                se.horaFin                                  AS END_TIME,
                (se.horaFin - se.horaInicio)                AS [TOTAL TECHNICIAN TIME], -- Usado para ON_GND
                cs.service_name                             AS SERVICE,
                essa.work_reference                         AS WORK_REFERENCE,
                CONCAT(te.paterno, ' ', te.materno, ' ',
                    te.primerNombre, ' ',
                    ISNULL(te.segundoNombre, ''))        AS TECHNICIAN

            FROM aisgProduction.dbo.ExtraServiceSaleAssignment     AS essa
            INNER JOIN aisgProduction.dbo.ServicePerCustomer       AS spc
                ON essa.id_service_per_customer = spc.id_service_per_customer
            INNER JOIN aisgProduction.dbo.CatalogServices          AS cs
                ON spc.id_service = cs.id_service
            INNER JOIN aisgProduction.dbo.DBTableEstCompanyCode    AS cc
                ON spc.id_company = cc.llave
            INNER JOIN aisgProduction.dbo.DBSaleEmpleado           AS se
                ON essa.id_sale_employee = se.llave
            INNER JOIN aisgProduction.dbo.DBTableEmployee          AS te
                ON se.empleado = te.numeroNomina
            INNER JOIN aisgProduction.dbo.DBSaleVuelo              AS sv
                ON essa.id_sale_flight = sv.llave
            INNER JOIN aisgProduction.dbo.DBTableDtClienteHeader   AS ch
                ON spc.id_client = ch.llave
            INNER JOIN aisgProduction.dbo.DBTableAirlineCode       AS ac
                ON ch.noCliente = ac.linea

            WHERE cs.service_name IS NOT NULL
            -- GROUP BY para asegurar unicidad si es necesario, aunque la estructura del JOIN ya debería manejarlo
            -- Si se requiere GROUP BY, añadir todos los campos seleccionados no agregados
            GROUP BY
                cc.companyCode,
                cc.llave,
                ac.nombre,
                se.fecha,
                sv.station,
                sv.matricula,
                sv.vuelo,
                sv.avion,
                se.horaInicio,
                se.horaFin,
                cs.service_name,
                essa.work_reference,
                te.paterno, te.materno, te.primerNombre, te.segundoNombre;
        ]
(Background on this error at: https://sqlalche.me/e/14/f405)
Connecting to database: aisgqa.cz0rtlegnc6d.us-east-1.rds.amazonaws.com:1433/aisgProduction
INFO:     200.188.103.224:61782 - "GET /reports/services-reports HTTP/1.1" 500 Internal Server Error
INFO:     200.188.103.224:61781 - "GET /reports/services-reports HTTP/1.1" 500 Internal Server Error
WARNING:  StatReload detected changes in 'app/routers/reports.py'. Reloading...
INFO:     Shutting down
INFO:     Waiting for application shutdown.
INFO:     Application shutdown complete.
INFO:     Finished server process [71641]
INFO:     Started server process [71700]
INFO:     Waiting for application startup.
INFO:     Application startup complete.
Traceback (most recent call last):
  File "/root/aisg_project/backend/venv/lib/python3.11/site-packages/sqlalchemy/engine/base.py", line 1910, in _execute_context
    self.dialect.do_execute(
  File "/root/aisg_project/backend/venv/lib/python3.11/site-packages/sqlalchemy/engine/default.py", line 736, in do_execute
    cursor.execute(statement, parameters)
pyodbc.ProgrammingError: ('42000', "[42000] [Microsoft][ODBC Driver 18 for SQL Server][SQL Server]Column 'aisgProduction.dbo.DBSaleVuelo.claveProducto' is invalid in the select list because it is not contained in either an aggregate function or the GROUP BY clause. (8120) (SQLExecDirectW)")

The above exception was the direct cause of the following exception:

Traceback (most recent call last):
  File "/root/aisg_project/backend/app/routers/reports.py", line 448, in get_services_reports
    result_proxy = db.execute(text(sql_query)).fetchall()
                   ^^^^^^^^^^^^^^^^^^^^^^^^^^^
  File "/root/aisg_project/backend/venv/lib/python3.11/site-packages/sqlalchemy/orm/session.py", line 1717, in execute
    result = conn._execute_20(statement, params or {}, execution_options)
             ^^^^^^^^^^^^^^^^^^^^^^^^^^^^^^^^^^^^^^^^^^^^^^^^^^^^^^^^^^^^
  File "/root/aisg_project/backend/venv/lib/python3.11/site-packages/sqlalchemy/engine/base.py", line 1710, in _execute_20
    return meth(self, args_10style, kwargs_10style, execution_options)
           ^^^^^^^^^^^^^^^^^^^^^^^^^^^^^^^^^^^^^^^^^^^^^^^^^^^^^^^^^^^
  File "/root/aisg_project/backend/venv/lib/python3.11/site-packages/sqlalchemy/sql/elements.py", line 334, in _execute_on_connection
    return connection._execute_clauseelement(
           ^^^^^^^^^^^^^^^^^^^^^^^^^^^^^^^^^^
  File "/root/aisg_project/backend/venv/lib/python3.11/site-packages/sqlalchemy/engine/base.py", line 1577, in _execute_clauseelement
    ret = self._execute_context(
          ^^^^^^^^^^^^^^^^^^^^^^
  File "/root/aisg_project/backend/venv/lib/python3.11/site-packages/sqlalchemy/engine/base.py", line 1953, in _execute_context
    self._handle_dbapi_exception(
  File "/root/aisg_project/backend/venv/lib/python3.11/site-packages/sqlalchemy/engine/base.py", line 2134, in _handle_dbapi_exception
    util.raise_(
  File "/root/aisg_project/backend/venv/lib/python3.11/site-packages/sqlalchemy/util/compat.py", line 211, in raise_
    raise exception
  File "/root/aisg_project/backend/venv/lib/python3.11/site-packages/sqlalchemy/engine/base.py", line 1910, in _execute_context
    self.dialect.do_execute(
  File "/root/aisg_project/backend/venv/lib/python3.11/site-packages/sqlalchemy/engine/default.py", line 736, in do_execute
    cursor.execute(statement, parameters)
sqlalchemy.exc.ProgrammingError: (pyodbc.ProgrammingError) ('42000', "[42000] [Microsoft][ODBC Driver 18 for SQL Server][SQL Server]Column 'aisgProduction.dbo.DBSaleVuelo.claveProducto' is invalid in the select list because it is not contained in either an aggregate function or the GROUP BY clause. (8120) (SQLExecDirectW)")
[SQL: 
            SELECT
                cc.companyCode                              AS COMPANY,
                cc.llave                                    AS LLAVE, -- Campo LLAVE añadido
                ac.nombre                                   AS AIRLINE,
                se.fecha                                    AS DATE,
                sv.station                                  AS STATION,
                sv.matricula                                AS AC_REG,
                sv.vuelo                                    AS FLIGHT,
                sv.avion                                    AS AC_TYPE,
                 sv.claveProducto                            AS [ASSISTANT TYPE], -- Comentado ya que no está en ServicesReportResponse
                sv.aog                                      AS [AOG], -- Comentado ya que no está en ServicesReportResponse
                se.horaInicio                               AS START_TIME,
                se.horaFin                                  AS END_TIME,
                (se.horaFin - se.horaInicio)                AS [TOTAL TECHNICIAN TIME], -- Usado para ON_GND
                cs.service_name                             AS SERVICE,
                essa.work_reference                         AS WORK_REFERENCE,
                CONCAT(te.paterno, ' ', te.materno, ' ',
                    te.primerNombre, ' ',
                    ISNULL(te.segundoNombre, ''))        AS TECHNICIAN

            FROM aisgProduction.dbo.ExtraServiceSaleAssignment     AS essa
            INNER JOIN aisgProduction.dbo.ServicePerCustomer       AS spc
                ON essa.id_service_per_customer = spc.id_service_per_customer
            INNER JOIN aisgProduction.dbo.CatalogServices          AS cs
                ON spc.id_service = cs.id_service
            INNER JOIN aisgProduction.dbo.DBTableEstCompanyCode    AS cc
                ON spc.id_company = cc.llave
            INNER JOIN aisgProduction.dbo.DBSaleEmpleado           AS se
                ON essa.id_sale_employee = se.llave
            INNER JOIN aisgProduction.dbo.DBTableEmployee          AS te
                ON se.empleado = te.numeroNomina
            INNER JOIN aisgProduction.dbo.DBSaleVuelo              AS sv
                ON essa.id_sale_flight = sv.llave
            INNER JOIN aisgProduction.dbo.DBTableDtClienteHeader   AS ch
                ON spc.id_client = ch.llave
            INNER JOIN aisgProduction.dbo.DBTableAirlineCode       AS ac
                ON ch.noCliente = ac.linea

            WHERE cs.service_name IS NOT NULL
            -- GROUP BY para asegurar unicidad si es necesario, aunque la estructura del JOIN ya debería manejarlo
            -- Si se requiere GROUP BY, añadir todos los campos seleccionados no agregados
            GROUP BY
                cc.companyCode,
                cc.llave,
                ac.nombre,
                se.fecha,
                sv.station,
                sv.matricula,
                sv.vuelo,
                sv.avion,
                se.horaInicio,
                se.horaFin,
                cs.service_name,
                essa.work_reference,
                te.paterno, te.materno, te.primerNombre, te.segundoNombre;
        ]
(Background on this error at: https://sqlalche.me/e/14/f405)
Traceback (most recent call last):
  File "/root/aisg_project/backend/venv/lib/python3.11/site-packages/sqlalchemy/engine/base.py", line 1910, in _execute_context
    self.dialect.do_execute(
  File "/root/aisg_project/backend/venv/lib/python3.11/site-packages/sqlalchemy/engine/default.py", line 736, in do_execute
    cursor.execute(statement, parameters)
pyodbc.ProgrammingError: ('42000', "[42000] [Microsoft][ODBC Driver 18 for SQL Server][SQL Server]Column 'aisgProduction.dbo.DBSaleVuelo.claveProducto' is invalid in the select list because it is not contained in either an aggregate function or the GROUP BY clause. (8120) (SQLExecDirectW)")

The above exception was the direct cause of the following exception:

Traceback (most recent call last):
  File "/root/aisg_project/backend/app/routers/reports.py", line 448, in get_services_reports
    result_proxy = db.execute(text(sql_query)).fetchall()
                   ^^^^^^^^^^^^^^^^^^^^^^^^^^^
  File "/root/aisg_project/backend/venv/lib/python3.11/site-packages/sqlalchemy/orm/session.py", line 1717, in execute
    result = conn._execute_20(statement, params or {}, execution_options)
             ^^^^^^^^^^^^^^^^^^^^^^^^^^^^^^^^^^^^^^^^^^^^^^^^^^^^^^^^^^^^
  File "/root/aisg_project/backend/venv/lib/python3.11/site-packages/sqlalchemy/engine/base.py", line 1710, in _execute_20
    return meth(self, args_10style, kwargs_10style, execution_options)
           ^^^^^^^^^^^^^^^^^^^^^^^^^^^^^^^^^^^^^^^^^^^^^^^^^^^^^^^^^^^
  File "/root/aisg_project/backend/venv/lib/python3.11/site-packages/sqlalchemy/sql/elements.py", line 334, in _execute_on_connection
    return connection._execute_clauseelement(
           ^^^^^^^^^^^^^^^^^^^^^^^^^^^^^^^^^^
  File "/root/aisg_project/backend/venv/lib/python3.11/site-packages/sqlalchemy/engine/base.py", line 1577, in _execute_clauseelement
    ret = self._execute_context(
          ^^^^^^^^^^^^^^^^^^^^^^
  File "/root/aisg_project/backend/venv/lib/python3.11/site-packages/sqlalchemy/engine/base.py", line 1953, in _execute_context
    self._handle_dbapi_exception(
  File "/root/aisg_project/backend/venv/lib/python3.11/site-packages/sqlalchemy/engine/base.py", line 2134, in _handle_dbapi_exception
    util.raise_(
  File "/root/aisg_project/backend/venv/lib/python3.11/site-packages/sqlalchemy/util/compat.py", line 211, in raise_
    raise exception
  File "/root/aisg_project/backend/venv/lib/python3.11/site-packages/sqlalchemy/engine/base.py", line 1910, in _execute_context
    self.dialect.do_execute(
  File "/root/aisg_project/backend/venv/lib/python3.11/site-packages/sqlalchemy/engine/default.py", line 736, in do_execute
    cursor.execute(statement, parameters)
sqlalchemy.exc.ProgrammingError: (pyodbc.ProgrammingError) ('42000', "[42000] [Microsoft][ODBC Driver 18 for SQL Server][SQL Server]Column 'aisgProduction.dbo.DBSaleVuelo.claveProducto' is invalid in the select list because it is not contained in either an aggregate function or the GROUP BY clause. (8120) (SQLExecDirectW)")
[SQL: 
            SELECT
                cc.companyCode                              AS COMPANY,
                cc.llave                                    AS LLAVE, -- Campo LLAVE añadido
                ac.nombre                                   AS AIRLINE,
                se.fecha                                    AS DATE,
                sv.station                                  AS STATION,
                sv.matricula                                AS AC_REG,
                sv.vuelo                                    AS FLIGHT,
                sv.avion                                    AS AC_TYPE,
                 sv.claveProducto                            AS [ASSISTANT TYPE], -- Comentado ya que no está en ServicesReportResponse
                sv.aog                                      AS [AOG], -- Comentado ya que no está en ServicesReportResponse
                se.horaInicio                               AS START_TIME,
                se.horaFin                                  AS END_TIME,
                (se.horaFin - se.horaInicio)                AS [TOTAL TECHNICIAN TIME], -- Usado para ON_GND
                cs.service_name                             AS SERVICE,
                essa.work_reference                         AS WORK_REFERENCE,
                CONCAT(te.paterno, ' ', te.materno, ' ',
                    te.primerNombre, ' ',
                    ISNULL(te.segundoNombre, ''))        AS TECHNICIAN

            FROM aisgProduction.dbo.ExtraServiceSaleAssignment     AS essa
            INNER JOIN aisgProduction.dbo.ServicePerCustomer       AS spc
                ON essa.id_service_per_customer = spc.id_service_per_customer
            INNER JOIN aisgProduction.dbo.CatalogServices          AS cs
                ON spc.id_service = cs.id_service
            INNER JOIN aisgProduction.dbo.DBTableEstCompanyCode    AS cc
                ON spc.id_company = cc.llave
            INNER JOIN aisgProduction.dbo.DBSaleEmpleado           AS se
                ON essa.id_sale_employee = se.llave
            INNER JOIN aisgProduction.dbo.DBTableEmployee          AS te
                ON se.empleado = te.numeroNomina
            INNER JOIN aisgProduction.dbo.DBSaleVuelo              AS sv
                ON essa.id_sale_flight = sv.llave
            INNER JOIN aisgProduction.dbo.DBTableDtClienteHeader   AS ch
                ON spc.id_client = ch.llave
            INNER JOIN aisgProduction.dbo.DBTableAirlineCode       AS ac
                ON ch.noCliente = ac.linea

            WHERE cs.service_name IS NOT NULL
            -- GROUP BY para asegurar unicidad si es necesario, aunque la estructura del JOIN ya debería manejarlo
            -- Si se requiere GROUP BY, añadir todos los campos seleccionados no agregados
            GROUP BY
                cc.companyCode,
                cc.llave,
                ac.nombre,
                se.fecha,
                sv.station,
                sv.matricula,
                sv.vuelo,
                sv.avion,
                se.horaInicio,
                se.horaFin,
                cs.service_name,
                essa.work_reference,
                te.paterno, te.materno, te.primerNombre, te.segundoNombre;
        ]
(Background on this error at: https://sqlalche.me/e/14/f405)
Connecting to database: aisgqa.cz0rtlegnc6d.us-east-1.rds.amazonaws.com:1433/aisgProduction
INFO:     200.188.103.224:61797 - "GET /reports/services-reports HTTP/1.1" 500 Internal Server Error
INFO:     200.188.103.224:61798 - "GET /reports/services-reports HTTP/1.1" 500 Internal Server Error
WARNING:  StatReload detected changes in 'app/routers/reports.py'. Reloading...
INFO:     Shutting down
INFO:     Waiting for application shutdown.
INFO:     Application shutdown complete.
INFO:     Finished server process [71700]
INFO:     Started server process [71767]
INFO:     Waiting for application startup.
INFO:     Application startup complete.
Traceback (most recent call last):
  File "/root/aisg_project/backend/venv/lib/python3.11/site-packages/sqlalchemy/engine/base.py", line 1910, in _execute_context
    self.dialect.do_execute(
  File "/root/aisg_project/backend/venv/lib/python3.11/site-packages/sqlalchemy/engine/default.py", line 736, in do_execute
    cursor.execute(statement, parameters)
pyodbc.ProgrammingError: ('42000', "[42000] [Microsoft][ODBC Driver 18 for SQL Server][SQL Server]Column 'aisgProduction.dbo.DBSaleVuelo.claveProducto' is invalid in the select list because it is not contained in either an aggregate function or the GROUP BY clause. (8120) (SQLExecDirectW)")

The above exception was the direct cause of the following exception:

Traceback (most recent call last):
  File "/root/aisg_project/backend/app/routers/reports.py", line 448, in get_services_reports
    result_proxy = db.execute(text(sql_query)).fetchall()
                   ^^^^^^^^^^^^^^^^^^^^^^^^^^^
  File "/root/aisg_project/backend/venv/lib/python3.11/site-packages/sqlalchemy/orm/session.py", line 1717, in execute
    result = conn._execute_20(statement, params or {}, execution_options)
             ^^^^^^^^^^^^^^^^^^^^^^^^^^^^^^^^^^^^^^^^^^^^^^^^^^^^^^^^^^^^
  File "/root/aisg_project/backend/venv/lib/python3.11/site-packages/sqlalchemy/engine/base.py", line 1710, in _execute_20
    return meth(self, args_10style, kwargs_10style, execution_options)
           ^^^^^^^^^^^^^^^^^^^^^^^^^^^^^^^^^^^^^^^^^^^^^^^^^^^^^^^^^^^
  File "/root/aisg_project/backend/venv/lib/python3.11/site-packages/sqlalchemy/sql/elements.py", line 334, in _execute_on_connection
    return connection._execute_clauseelement(
           ^^^^^^^^^^^^^^^^^^^^^^^^^^^^^^^^^^
  File "/root/aisg_project/backend/venv/lib/python3.11/site-packages/sqlalchemy/engine/base.py", line 1577, in _execute_clauseelement
    ret = self._execute_context(
          ^^^^^^^^^^^^^^^^^^^^^^
  File "/root/aisg_project/backend/venv/lib/python3.11/site-packages/sqlalchemy/engine/base.py", line 1953, in _execute_context
    self._handle_dbapi_exception(
  File "/root/aisg_project/backend/venv/lib/python3.11/site-packages/sqlalchemy/engine/base.py", line 2134, in _handle_dbapi_exception
    util.raise_(
  File "/root/aisg_project/backend/venv/lib/python3.11/site-packages/sqlalchemy/util/compat.py", line 211, in raise_
    raise exception
  File "/root/aisg_project/backend/venv/lib/python3.11/site-packages/sqlalchemy/engine/base.py", line 1910, in _execute_context
    self.dialect.do_execute(
  File "/root/aisg_project/backend/venv/lib/python3.11/site-packages/sqlalchemy/engine/default.py", line 736, in do_execute
    cursor.execute(statement, parameters)
sqlalchemy.exc.ProgrammingError: (pyodbc.ProgrammingError) ('42000', "[42000] [Microsoft][ODBC Driver 18 for SQL Server][SQL Server]Column 'aisgProduction.dbo.DBSaleVuelo.claveProducto' is invalid in the select list because it is not contained in either an aggregate function or the GROUP BY clause. (8120) (SQLExecDirectW)")
[SQL: 
            SELECT
                cc.companyCode                              AS COMPANY,
                cc.llave                                    AS LLAVE, -- Campo LLAVE añadido
                ac.nombre                                   AS AIRLINE,
                se.fecha                                    AS DATE,
                sv.station                                  AS STATION,
                sv.matricula                                AS AC_REG,
                sv.vuelo                                    AS FLIGHT,
                sv.avion                                    AS AC_TYPE,
                 sv.claveProducto                            AS [ASSISTANT TYPE], -- Comentado ya que no está en ServicesReportResponse
                sv.aog                                      AS [AOG], -- Comentado ya que no está en ServicesReportResponse
                se.horaInicio                               AS START_TIME,
                se.horaFin                                  AS END_TIME,
                (se.horaFin - se.horaInicio)                AS [TOTAL TECHNICIAN TIME], -- Usado para ON_GND
                cs.service_name                             AS SERVICE,
                essa.work_reference                         AS WORK_REFERENCE,
                CONCAT(te.paterno, ' ', te.materno, ' ',
                    te.primerNombre, ' ',
                    ISNULL(te.segundoNombre, ''))        AS TECHNICIAN

            FROM aisgProduction.dbo.ExtraServiceSaleAssignment     AS essa
            INNER JOIN aisgProduction.dbo.ServicePerCustomer       AS spc
                ON essa.id_service_per_customer = spc.id_service_per_customer
            INNER JOIN aisgProduction.dbo.CatalogServices          AS cs
                ON spc.id_service = cs.id_service
            INNER JOIN aisgProduction.dbo.DBTableEstCompanyCode    AS cc
                ON spc.id_company = cc.llave
            INNER JOIN aisgProduction.dbo.DBSaleEmpleado           AS se
                ON essa.id_sale_employee = se.llave
            INNER JOIN aisgProduction.dbo.DBTableEmployee          AS te
                ON se.empleado = te.numeroNomina
            INNER JOIN aisgProduction.dbo.DBSaleVuelo              AS sv
                ON essa.id_sale_flight = sv.llave
            INNER JOIN aisgProduction.dbo.DBTableDtClienteHeader   AS ch
                ON spc.id_client = ch.llave
            INNER JOIN aisgProduction.dbo.DBTableAirlineCode       AS ac
                ON ch.noCliente = ac.linea

            WHERE cs.service_name IS NOT NULL
            -- GROUP BY para asegurar unicidad si es necesario, aunque la estructura del JOIN ya debería manejarlo
            -- Si se requiere GROUP BY, añadir todos los campos seleccionados no agregados
            GROUP BY
                cc.companyCode,
                cc.llave,
                ac.nombre,
                se.fecha,
                sv.station,
                sv.matricula,
                sv.vuelo,
                sv.avion,
                se.horaInicio,
                se.horaFin,
                cs.service_name,
                essa.work_reference,
                te.paterno, te.materno, te.primerNombre, te.segundoNombre;
        ]
(Background on this error at: https://sqlalche.me/e/14/f405)
Traceback (most recent call last):
  File "/root/aisg_project/backend/venv/lib/python3.11/site-packages/sqlalchemy/engine/base.py", line 1910, in _execute_context
    self.dialect.do_execute(
  File "/root/aisg_project/backend/venv/lib/python3.11/site-packages/sqlalchemy/engine/default.py", line 736, in do_execute
    cursor.execute(statement, parameters)
pyodbc.ProgrammingError: ('42000', "[42000] [Microsoft][ODBC Driver 18 for SQL Server][SQL Server]Column 'aisgProduction.dbo.DBSaleVuelo.claveProducto' is invalid in the select list because it is not contained in either an aggregate function or the GROUP BY clause. (8120) (SQLExecDirectW)")

The above exception was the direct cause of the following exception:

Traceback (most recent call last):
  File "/root/aisg_project/backend/app/routers/reports.py", line 448, in get_services_reports
    result_proxy = db.execute(text(sql_query)).fetchall()
                   ^^^^^^^^^^^^^^^^^^^^^^^^^^^
  File "/root/aisg_project/backend/venv/lib/python3.11/site-packages/sqlalchemy/orm/session.py", line 1717, in execute
    result = conn._execute_20(statement, params or {}, execution_options)
             ^^^^^^^^^^^^^^^^^^^^^^^^^^^^^^^^^^^^^^^^^^^^^^^^^^^^^^^^^^^^
  File "/root/aisg_project/backend/venv/lib/python3.11/site-packages/sqlalchemy/engine/base.py", line 1710, in _execute_20
    return meth(self, args_10style, kwargs_10style, execution_options)
           ^^^^^^^^^^^^^^^^^^^^^^^^^^^^^^^^^^^^^^^^^^^^^^^^^^^^^^^^^^^
  File "/root/aisg_project/backend/venv/lib/python3.11/site-packages/sqlalchemy/sql/elements.py", line 334, in _execute_on_connection
    return connection._execute_clauseelement(
           ^^^^^^^^^^^^^^^^^^^^^^^^^^^^^^^^^^
  File "/root/aisg_project/backend/venv/lib/python3.11/site-packages/sqlalchemy/engine/base.py", line 1577, in _execute_clauseelement
    ret = self._execute_context(
          ^^^^^^^^^^^^^^^^^^^^^^
  File "/root/aisg_project/backend/venv/lib/python3.11/site-packages/sqlalchemy/engine/base.py", line 1953, in _execute_context
    self._handle_dbapi_exception(
  File "/root/aisg_project/backend/venv/lib/python3.11/site-packages/sqlalchemy/engine/base.py", line 2134, in _handle_dbapi_exception
    util.raise_(
  File "/root/aisg_project/backend/venv/lib/python3.11/site-packages/sqlalchemy/util/compat.py", line 211, in raise_
    raise exception
  File "/root/aisg_project/backend/venv/lib/python3.11/site-packages/sqlalchemy/engine/base.py", line 1910, in _execute_context
    self.dialect.do_execute(
  File "/root/aisg_project/backend/venv/lib/python3.11/site-packages/sqlalchemy/engine/default.py", line 736, in do_execute
    cursor.execute(statement, parameters)
sqlalchemy.exc.ProgrammingError: (pyodbc.ProgrammingError) ('42000', "[42000] [Microsoft][ODBC Driver 18 for SQL Server][SQL Server]Column 'aisgProduction.dbo.DBSaleVuelo.claveProducto' is invalid in the select list because it is not contained in either an aggregate function or the GROUP BY clause. (8120) (SQLExecDirectW)")
[SQL: 
            SELECT
                cc.companyCode                              AS COMPANY,
                cc.llave                                    AS LLAVE, -- Campo LLAVE añadido
                ac.nombre                                   AS AIRLINE,
                se.fecha                                    AS DATE,
                sv.station                                  AS STATION,
                sv.matricula                                AS AC_REG,
                sv.vuelo                                    AS FLIGHT,
                sv.avion                                    AS AC_TYPE,
                 sv.claveProducto                            AS [ASSISTANT TYPE], -- Comentado ya que no está en ServicesReportResponse
                sv.aog                                      AS [AOG], -- Comentado ya que no está en ServicesReportResponse
                se.horaInicio                               AS START_TIME,
                se.horaFin                                  AS END_TIME,
                (se.horaFin - se.horaInicio)                AS [TOTAL TECHNICIAN TIME], -- Usado para ON_GND
                cs.service_name                             AS SERVICE,
                essa.work_reference                         AS WORK_REFERENCE,
                CONCAT(te.paterno, ' ', te.materno, ' ',
                    te.primerNombre, ' ',
                    ISNULL(te.segundoNombre, ''))        AS TECHNICIAN

            FROM aisgProduction.dbo.ExtraServiceSaleAssignment     AS essa
            INNER JOIN aisgProduction.dbo.ServicePerCustomer       AS spc
                ON essa.id_service_per_customer = spc.id_service_per_customer
            INNER JOIN aisgProduction.dbo.CatalogServices          AS cs
                ON spc.id_service = cs.id_service
            INNER JOIN aisgProduction.dbo.DBTableEstCompanyCode    AS cc
                ON spc.id_company = cc.llave
            INNER JOIN aisgProduction.dbo.DBSaleEmpleado           AS se
                ON essa.id_sale_employee = se.llave
            INNER JOIN aisgProduction.dbo.DBTableEmployee          AS te
                ON se.empleado = te.numeroNomina
            INNER JOIN aisgProduction.dbo.DBSaleVuelo              AS sv
                ON essa.id_sale_flight = sv.llave
            INNER JOIN aisgProduction.dbo.DBTableDtClienteHeader   AS ch
                ON spc.id_client = ch.llave
            INNER JOIN aisgProduction.dbo.DBTableAirlineCode       AS ac
                ON ch.noCliente = ac.linea

            WHERE cs.service_name IS NOT NULL
            -- GROUP BY para asegurar unicidad si es necesario, aunque la estructura del JOIN ya debería manejarlo
            -- Si se requiere GROUP BY, añadir todos los campos seleccionados no agregados
            GROUP BY
                cc.companyCode,
                cc.llave,
                ac.nombre,
                se.fecha,
                sv.station,
                sv.matricula,
                sv.vuelo,
                sv.avion,
                se.horaInicio,
                se.horaFin,
                cs.service_name,
                essa.work_reference,
                te.paterno, te.materno, te.primerNombre, te.segundoNombre;
        ]
(Background on this error at: https://sqlalche.me/e/14/f405)
Connecting to database: aisgqa.cz0rtlegnc6d.us-east-1.rds.amazonaws.com:1433/aisgProduction
INFO:     200.188.103.224:61811 - "GET /reports/services-reports HTTP/1.1" 500 Internal Server Error
INFO:     200.188.103.224:61812 - "GET /reports/services-reports HTTP/1.1" 500 Internal Server Error
WARNING:  StatReload detected changes in 'app/routers/reports.py'. Reloading...
INFO:     Shutting down
INFO:     Waiting for application shutdown.
INFO:     Application shutdown complete.
INFO:     Finished server process [71767]
INFO:     Started server process [71897]
INFO:     Waiting for application startup.
INFO:     Application startup complete.
WARNING:  StatReload detected changes in 'app/routers/reports.py'. Reloading...
INFO:     Shutting down
INFO:     Waiting for application shutdown.
INFO:     Application shutdown complete.
INFO:     Finished server process [71897]
INFO:     Started server process [71975]
INFO:     Waiting for application startup.
INFO:     Application startup complete.
Connecting to database: aisgqa.cz0rtlegnc6d.us-east-1.rds.amazonaws.com:1433/aisgProduction
INFO:     200.188.103.224:61865 - "GET /reports/services-reports HTTP/1.1" 200 OK
INFO:     200.188.103.224:61866 - "GET /reports/services-reports HTTP/1.1" 200 OK
INFO:     200.188.103.224:61869 - "GET /reports/services-reports HTTP/1.1" 200 OK
INFO:     200.188.103.224:61878 - "GET /reports/services-reports HTTP/1.1" 200 OK
INFO:     200.188.103.224:61877 - "GET /reports/services-reports HTTP/1.1" 200 OK
INFO:     200.188.103.224:61961 - "GET /catalog/services HTTP/1.1" 307 Temporary Redirect
INFO:     200.188.103.224:61960 - "GET /catalog/clients HTTP/1.1" 307 Temporary Redirect
INFO:     200.188.103.224:61963 - "GET /catalog/service-per-customer HTTP/1.1" 307 Temporary Redirect
INFO:     200.188.103.224:61964 - "GET /catalog/clients HTTP/1.1" 307 Temporary Redirect
INFO:     200.188.103.224:61965 - "GET /catalog/services HTTP/1.1" 307 Temporary Redirect
INFO:     200.188.103.224:61962 - "GET /companies/ HTTP/1.1" 200 OK
INFO:     200.188.103.224:61961 - "GET /companies/ HTTP/1.1" 200 OK
INFO:     200.188.103.224:61960 - "GET /catalog/service-per-customer HTTP/1.1" 307 Temporary Redirect
INFO:     200.188.103.224:61965 - "GET /catalog/services/ HTTP/1.1" 200 OK
INFO:     200.188.103.224:61960 - "GET /catalog/service-per-customer/ HTTP/1.1" 200 OK
INFO:     200.188.103.224:61961 - "GET /catalog/service-per-customer/ HTTP/1.1" 200 OK
INFO:     200.188.103.224:61962 - "GET /catalog/clients/ HTTP/1.1" 200 OK
INFO:     200.188.103.224:61964 - "GET /catalog/services/ HTTP/1.1" 200 OK
INFO:     200.188.103.224:61963 - "GET /catalog/clients/ HTTP/1.1" 200 OK
INFO:     66.179.95.14:61791 - "GET /catalog/services HTTP/1.1" 307 Temporary Redirect
INFO:     66.179.95.14:61789 - "GET /catalog/service-per-customer HTTP/1.1" 307 Temporary Redirect
INFO:     66.179.95.14:61790 - "GET /catalog/service-per-customer/dropdown/companies HTTP/1.1" 200 OK
INFO:     66.179.95.14:61791 - "GET /catalog/services/ HTTP/1.1" 200 OK
INFO:     66.179.95.14:61789 - "GET /catalog/service-per-customer/ HTTP/1.1" 200 OK
INFO:     66.179.95.14:61789 - "GET /catalog/service-per-customer/dropdown/clients?company_code=AISG HTTP/1.1" 200 OK
INFO:     66.179.95.14:61789 - "GET /catalog/service-per-customer/dropdown/clients?company_code=AST HTTP/1.1" 200 OK
INFO:     66.179.95.14:61789 - "GET /catalog/service-per-customer/dropdown/clients?company_code=SOD HTTP/1.1" 200 OK
INFO:     200.188.103.224:61984 - "GET /catalog/service-per-customer/dropdown/companies HTTP/1.1" 200 OK
INFO:     200.188.103.224:61985 - "GET /catalog/services HTTP/1.1" 307 Temporary Redirect
INFO:     200.188.103.224:61986 - "GET /catalog/service-per-customer HTTP/1.1" 307 Temporary Redirect
INFO:     66.179.95.14:61789 - "GET /catalog/service-per-customer/dropdown/clients?company_code=SOT HTTP/1.1" 200 OK
INFO:     200.188.103.224:61985 - "GET /catalog/services/ HTTP/1.1" 200 OK
INFO:     200.188.103.224:61986 - "GET /catalog/service-per-customer/ HTTP/1.1" 200 OK
INFO:     200.188.103.224:61984 - "GET /catalog/service-per-customer/dropdown/clients?company_code=AISG HTTP/1.1" 200 OK
INFO:     200.188.103.224:61984 - "GET /catalog/service-per-customer/dropdown/clients?company_code=AST HTTP/1.1" 200 OK
INFO:     200.188.103.224:61984 - "GET /catalog/service-per-customer/dropdown/clients?company_code=SOD HTTP/1.1" 200 OK
INFO:     200.188.103.224:61984 - "GET /catalog/service-per-customer/dropdown/clients?company_code=SOT HTTP/1.1" 200 OK
INFO:     66.179.95.14:61856 - "GET /catalog/clients HTTP/1.1" 307 Temporary Redirect
INFO:     66.179.95.14:61858 - "GET /catalog/services HTTP/1.1" 307 Temporary Redirect
INFO:     66.179.95.14:61857 - "GET /companies/ HTTP/1.1" 200 OK
INFO:     66.179.95.14:61859 - "GET /catalog/service-per-customer HTTP/1.1" 307 Temporary Redirect
INFO:     66.179.95.14:61856 - "GET /catalog/services/ HTTP/1.1" 200 OK
INFO:     66.179.95.14:61858 - "GET /catalog/clients/ HTTP/1.1" 200 OK
INFO:     66.179.95.14:61859 - "GET /catalog/service-per-customer/ HTTP/1.1" 200 OK
INFO:     200.188.103.224:61998 - "GET /catalog/services HTTP/1.1" 307 Temporary Redirect
INFO:     200.188.103.224:61997 - "GET /catalog/clients HTTP/1.1" 307 Temporary Redirect
INFO:     200.188.103.224:61999 - "GET /companies/ HTTP/1.1" 200 OK
INFO:     200.188.103.224:62000 - "GET /catalog/service-per-customer HTTP/1.1" 307 Temporary Redirect
INFO:     200.188.103.224:61998 - "GET /catalog/services/ HTTP/1.1" 200 OK
INFO:     200.188.103.224:61997 - "GET /catalog/clients/ HTTP/1.1" 200 OK
INFO:     200.188.103.224:62000 - "GET /catalog/service-per-customer/ HTTP/1.1" 200 OK
WARNING:  Invalid HTTP request received.
WARNING:  StatReload detected changes in 'app/routers/service_per_customer.py'. Reloading...
INFO:     Shutting down
INFO:     Waiting for application shutdown.
INFO:     Application shutdown complete.
INFO:     Finished server process [71975]
INFO:     Started server process [72821]
INFO:     Waiting for application startup.
INFO:     Application startup complete.
WARNING:  StatReload detected changes in 'app/routers/service_per_customer.py'. Reloading...
INFO:     Shutting down
INFO:     Waiting for application shutdown.
INFO:     Application shutdown complete.
INFO:     Finished server process [72821]
INFO:     Started server process [73029]
INFO:     Waiting for application startup.
INFO:     Application startup complete.
Connecting to database: aisgqa.cz0rtlegnc6d.us-east-1.rds.amazonaws.com:1433/aisgProduction
INFO:     200.188.103.224:62150 - "GET /catalog/services HTTP/1.1" 307 Temporary Redirect
INFO:     200.188.103.224:62153 - "GET /catalog/clients HTTP/1.1" 307 Temporary Redirect
INFO:     200.188.103.224:62149 - "GET /catalog/clients HTTP/1.1" 307 Temporary Redirect
INFO:     200.188.103.224:62151 - "GET /companies/ HTTP/1.1" 200 OK
INFO:     200.188.103.224:62154 - "GET /catalog/services HTTP/1.1" 307 Temporary Redirect
INFO:     200.188.103.224:62153 - "GET /catalog/service-per-customer HTTP/1.1" 307 Temporary Redirect
INFO:     200.188.103.224:62152 - "GET /catalog/service-per-customer HTTP/1.1" 307 Temporary Redirect
INFO:     200.188.103.224:62150 - "GET /companies/ HTTP/1.1" 200 OK
INFO:     200.188.103.224:62149 - "GET /catalog/services/ HTTP/1.1" 200 OK
INFO:     200.188.103.224:62149 - "GET /catalog/service-per-customer/ HTTP/1.1" 200 OK
INFO:     200.188.103.224:62152 - "GET /catalog/services/ HTTP/1.1" 200 OK
INFO:     200.188.103.224:62151 - "GET /catalog/service-per-customer/ HTTP/1.1" 200 OK
INFO:     200.188.103.224:62153 - "GET /catalog/clients/ HTTP/1.1" 200 OK
INFO:     200.188.103.224:62154 - "GET /catalog/clients/ HTTP/1.1" 200 OK
INFO:     200.188.103.224:62161 - "GET /aircraft-models/ HTTP/1.1" 200 OK
INFO:     200.188.103.224:62160 - "GET /catalog/service-per-customer/dropdown/companies HTTP/1.1" 200 OK
INFO:     200.188.103.224:62163 - "GET /aircraft-models/ HTTP/1.1" 200 OK
INFO:     200.188.103.224:62162 - "GET /catalog/service-per-customer/dropdown/companies HTTP/1.1" 200 OK
INFO:     200.188.103.224:62163 - "GET /catalog/service-per-customer/dropdown/clients?company_code=AISG HTTP/1.1" 200 OK
INFO:     200.188.103.224:62171 - "GET /catalog/service-per-customer/dropdown/clients?company_code=SOD HTTP/1.1" 200 OK
INFO:     200.188.103.224:62171 - "GET /catalog/services?client_id=WJA HTTP/1.1" 307 Temporary Redirect
INFO:     200.188.103.224:62171 - "GET /catalog/services/?client_id=WJA HTTP/1.1" 200 OK
INFO:     200.188.103.224:62174 - "GET /catalog/service-per-customer/dropdown/clients?company_code=SOT HTTP/1.1" 200 OK
INFO:     200.188.103.224:62178 - "GET /catalog/service-per-customer/dropdown/clients?company_code=AISG HTTP/1.1" 200 OK
INFO:     200.188.103.224:62178 - "GET /catalog/service-per-customer/dropdown/clients?company_code=SOD HTTP/1.1" 200 OK
INFO:     200.188.103.224:62178 - "GET /catalog/service-per-customer/dropdown/clients?company_code=AST HTTP/1.1" 200 OK
INFO:     200.188.103.224:62178 - "GET /catalog/service-per-customer/dropdown/clients?company_code=AISG HTTP/1.1" 200 OK
INFO:     200.188.103.224:62193 - "GET /catalog/service-per-customer/dropdown/companies HTTP/1.1" 200 OK
INFO:     200.188.103.224:62194 - "GET /aircraft-models/ HTTP/1.1" 200 OK
INFO:     200.188.103.224:62197 - "GET /aircraft-models/ HTTP/1.1" 200 OK
INFO:     200.188.103.224:62196 - "GET /catalog/service-per-customer/dropdown/companies HTTP/1.1" 200 OK
INFO:     200.188.103.224:62194 - "GET /catalog/service-per-customer/dropdown/clients?company_code=AISG HTTP/1.1" 200 OK
INFO:     66.179.95.14:62213 - "GET /catalog/services HTTP/1.1" 307 Temporary Redirect
INFO:     66.179.95.14:62212 - "GET /catalog/service-per-customer HTTP/1.1" 307 Temporary Redirect
INFO:     66.179.95.14:62211 - "GET /catalog/service-per-customer/dropdown/companies HTTP/1.1" 200 OK
INFO:     66.179.95.14:62213 - "GET /catalog/services/ HTTP/1.1" 200 OK
INFO:     66.179.95.14:62212 - "GET /catalog/service-per-customer/ HTTP/1.1" 200 OK
INFO:     66.179.95.14:62211 - "GET /catalog/service-per-customer/dropdown/clients?company_code=AISG HTTP/1.1" 200 OK
INFO:     66.179.95.14:62211 - "GET /catalog/service-per-customer/dropdown/clients?company_code=AST HTTP/1.1" 200 OK
INFO:     66.179.95.14:62211 - "GET /catalog/service-per-customer/dropdown/clients?company_code=SOD HTTP/1.1" 200 OK
INFO:     200.188.103.224:62201 - "GET /catalog/services HTTP/1.1" 307 Temporary Redirect
INFO:     200.188.103.224:62203 - "GET /catalog/service-per-customer HTTP/1.1" 307 Temporary Redirect
INFO:     200.188.103.224:62204 - "GET /catalog/services HTTP/1.1" 307 Temporary Redirect
INFO:     200.188.103.224:62205 - "GET /catalog/service-per-customer HTTP/1.1" 307 Temporary Redirect
INFO:     200.188.103.224:62200 - "GET /catalog/service-per-customer/dropdown/companies HTTP/1.1" 200 OK
INFO:     200.188.103.224:62202 - "GET /catalog/service-per-customer/dropdown/companies HTTP/1.1" 200 OK
INFO:     66.179.95.14:62211 - "GET /catalog/service-per-customer/dropdown/clients?company_code=SOT HTTP/1.1" 200 OK
INFO:     200.188.103.224:62201 - "GET /catalog/services/ HTTP/1.1" 200 OK
INFO:     200.188.103.224:62203 - "GET /catalog/service-per-customer/ HTTP/1.1" 200 OK
INFO:     200.188.103.224:62204 - "GET /catalog/services/ HTTP/1.1" 200 OK
INFO:     200.188.103.224:62205 - "GET /catalog/service-per-customer/ HTTP/1.1" 200 OK
INFO:     200.188.103.224:62202 - "GET /catalog/service-per-customer/dropdown/clients?company_code=AISG HTTP/1.1" 200 OK
INFO:     200.188.103.224:62200 - "GET /catalog/service-per-customer/dropdown/clients?company_code=AISG HTTP/1.1" 200 OK
INFO:     200.188.103.224:62202 - "GET /catalog/service-per-customer/dropdown/clients?company_code=AST HTTP/1.1" 200 OK
INFO:     200.188.103.224:62200 - "GET /catalog/service-per-customer/dropdown/clients?company_code=AST HTTP/1.1" 200 OK
INFO:     200.188.103.224:62202 - "GET /catalog/service-per-customer/dropdown/clients?company_code=SOD HTTP/1.1" 200 OK
INFO:     200.188.103.224:62200 - "GET /catalog/service-per-customer/dropdown/clients?company_code=SOD HTTP/1.1" 200 OK
INFO:     200.188.103.224:62202 - "GET /catalog/service-per-customer/dropdown/clients?company_code=SOT HTTP/1.1" 200 OK
INFO:     200.188.103.224:62200 - "GET /catalog/service-per-customer/dropdown/clients?company_code=SOT HTTP/1.1" 200 OK
INFO:     200.188.103.224:62260 - "GET /catalog/service-per-customer HTTP/1.1" 307 Temporary Redirect
INFO:     200.188.103.224:62262 - "GET /catalog/services HTTP/1.1" 307 Temporary Redirect
INFO:     200.188.103.224:62263 - "GET /catalog/services HTTP/1.1" 307 Temporary Redirect
INFO:     200.188.103.224:62264 - "GET /catalog/service-per-customer HTTP/1.1" 307 Temporary Redirect
INFO:     200.188.103.224:62261 - "GET /catalog/service-per-customer/dropdown/companies HTTP/1.1" 200 OK
INFO:     200.188.103.224:62260 - "GET /catalog/service-per-customer/ HTTP/1.1" 200 OK
INFO:     200.188.103.224:62262 - "GET /catalog/services/ HTTP/1.1" 200 OK
INFO:     200.188.103.224:62263 - "GET /catalog/services/ HTTP/1.1" 200 OK
INFO:     200.188.103.224:62264 - "GET /catalog/service-per-customer/ HTTP/1.1" 200 OK
INFO:     200.188.103.224:62265 - "GET /catalog/service-per-customer/dropdown/companies HTTP/1.1" 200 OK
INFO:     200.188.103.224:62260 - "GET /catalog/service-per-customer/dropdown/clients?company_code=AISG HTTP/1.1" 200 OK
INFO:     200.188.103.224:62264 - "GET /catalog/service-per-customer/dropdown/clients?company_code=AISG HTTP/1.1" 200 OK
INFO:     200.188.103.224:62260 - "GET /catalog/service-per-customer/dropdown/clients?company_code=AST HTTP/1.1" 200 OK
INFO:     200.188.103.224:62264 - "GET /catalog/service-per-customer/dropdown/clients?company_code=AST HTTP/1.1" 200 OK
INFO:     200.188.103.224:62260 - "GET /catalog/service-per-customer/dropdown/clients?company_code=SOD HTTP/1.1" 200 OK
INFO:     200.188.103.224:62264 - "GET /catalog/service-per-customer/dropdown/clients?company_code=SOD HTTP/1.1" 200 OK
INFO:     200.188.103.224:62260 - "GET /catalog/service-per-customer/dropdown/clients?company_code=SOT HTTP/1.1" 200 OK
INFO:     200.188.103.224:62264 - "GET /catalog/service-per-customer/dropdown/clients?company_code=SOT HTTP/1.1" 200 OK
WARNING:  StatReload detected changes in 'app/routers/service_per_customer.py'. Reloading...
INFO:     Shutting down
INFO:     Waiting for application shutdown.
INFO:     Application shutdown complete.
INFO:     Finished server process [73029]
INFO:     Started server process [73501]
INFO:     Waiting for application startup.
INFO:     Application startup complete.
Connecting to database: aisgqa.cz0rtlegnc6d.us-east-1.rds.amazonaws.com:1433/aisgProduction
INFO:     200.188.103.224:62315 - "GET /catalog/service-per-customer HTTP/1.1" 307 Temporary Redirect
INFO:     200.188.103.224:62311 - "GET /catalog/services HTTP/1.1" 307 Temporary Redirect
INFO:     200.188.103.224:62313 - "GET /catalog/service-per-customer HTTP/1.1" 307 Temporary Redirect
INFO:     200.188.103.224:62314 - "GET /catalog/services HTTP/1.1" 307 Temporary Redirect
INFO:     200.188.103.224:62310 - "GET /catalog/service-per-customer/dropdown/companies HTTP/1.1" 200 OK
INFO:     200.188.103.224:62313 - "GET /catalog/service-per-customer/ HTTP/1.1" 200 OK
INFO:     200.188.103.224:62312 - "GET /catalog/service-per-customer/dropdown/companies HTTP/1.1" 200 OK
INFO:     200.188.103.224:62311 - "GET /catalog/services/ HTTP/1.1" 200 OK
INFO:     200.188.103.224:62315 - "GET /catalog/service-per-customer/ HTTP/1.1" 200 OK
INFO:     200.188.103.224:62314 - "GET /catalog/services/ HTTP/1.1" 200 OK
INFO:     200.188.103.224:62313 - "GET /catalog/service-per-customer/dropdown/clients?company_code=AISG HTTP/1.1" 200 OK
INFO:     200.188.103.224:62313 - "GET /catalog/service-per-customer/dropdown/clients?company_code=AST HTTP/1.1" 200 OK
INFO:     200.188.103.224:62313 - "GET /catalog/service-per-customer/dropdown/clients?company_code=SOD HTTP/1.1" 200 OK
INFO:     200.188.103.224:62313 - "GET /catalog/service-per-customer/dropdown/clients?company_code=SOT HTTP/1.1" 200 OK
INFO:     200.188.103.224:62341 - "GET /catalog/service-per-customer/dropdown/companies HTTP/1.1" 200 OK
INFO:     200.188.103.224:62342 - "GET /catalog/service-per-customer/dropdown/companies HTTP/1.1" 200 OK
INFO:     200.188.103.224:62341 - "GET /catalog/service-per-customer/92 HTTP/1.1" 200 OK
INFO:     200.188.103.224:62342 - "GET /catalog/service-per-customer/92 HTTP/1.1" 200 OK
INFO:     200.188.103.224:62341 - "GET /catalog/service-per-customer/dropdown/clients?company_code=AST HTTP/1.1" 200 OK
INFO:     200.188.103.224:62342 - "GET /catalog/service-per-customer/dropdown/clients?company_code=AST HTTP/1.1" 200 OK
INFO:     200.188.103.224:62341 - "GET /catalog/services?client_id=49 HTTP/1.1" 307 Temporary Redirect
INFO:     200.188.103.224:62342 - "GET /catalog/services?client_id=49 HTTP/1.1" 307 Temporary Redirect
INFO:     200.188.103.224:62341 - "GET /catalog/services/?client_id=49 HTTP/1.1" 200 OK
INFO:     200.188.103.224:62342 - "GET /catalog/services/?client_id=49 HTTP/1.1" 200 OK
INFO:     200.188.103.224:62341 - "GET /aircraft-models/ HTTP/1.1" 200 OK
INFO:     200.188.103.224:62342 - "GET /aircraft-models/ HTTP/1.1" 200 OK
INFO:     200.188.103.224:62341 - "GET /catalog/service-per-customer/dropdown/companies HTTP/1.1" 200 OK
INFO:     200.188.103.224:62342 - "GET /catalog/service-per-customer/dropdown/companies HTTP/1.1" 200 OK
INFO:     200.188.103.224:62347 - "GET /catalog/service-per-customer HTTP/1.1" 307 Temporary Redirect
INFO:     200.188.103.224:62345 - "GET /catalog/services HTTP/1.1" 307 Temporary Redirect
INFO:     200.188.103.224:62348 - "GET /catalog/service-per-customer HTTP/1.1" 307 Temporary Redirect
INFO:     200.188.103.224:62346 - "GET /catalog/services HTTP/1.1" 307 Temporary Redirect
INFO:     200.188.103.224:62347 - "GET /catalog/service-per-customer/ HTTP/1.1" 200 OK
INFO:     200.188.103.224:62345 - "GET /catalog/services/ HTTP/1.1" 200 OK
INFO:     200.188.103.224:62348 - "GET /catalog/service-per-customer/ HTTP/1.1" 200 OK
INFO:     200.188.103.224:62346 - "GET /catalog/services/ HTTP/1.1" 200 OK
INFO:     200.188.103.224:62341 - "GET /catalog/service-per-customer/dropdown/clients?company_code=AISG HTTP/1.1" 200 OK
INFO:     200.188.103.224:62342 - "GET /catalog/service-per-customer/dropdown/clients?company_code=AISG HTTP/1.1" 200 OK
INFO:     200.188.103.224:62342 - "GET /catalog/service-per-customer/dropdown/clients?company_code=AST HTTP/1.1" 200 OK
INFO:     200.188.103.224:62341 - "GET /catalog/service-per-customer/dropdown/clients?company_code=AST HTTP/1.1" 200 OK
INFO:     200.188.103.224:62342 - "GET /catalog/service-per-customer/dropdown/clients?company_code=SOD HTTP/1.1" 200 OK
INFO:     200.188.103.224:62341 - "GET /catalog/service-per-customer/dropdown/clients?company_code=SOD HTTP/1.1" 200 OK
INFO:     200.188.103.224:62342 - "GET /catalog/service-per-customer/dropdown/clients?company_code=SOT HTTP/1.1" 200 OK
INFO:     200.188.103.224:62341 - "GET /catalog/service-per-customer/dropdown/clients?company_code=SOT HTTP/1.1" 200 OK
INFO:     200.188.103.224:62341 - "GET /catalog/services HTTP/1.1" 307 Temporary Redirect
INFO:     200.188.103.224:62342 - "GET /catalog/service-per-customer/dropdown/companies HTTP/1.1" 200 OK
INFO:     200.188.103.224:62341 - "GET /catalog/service-per-customer HTTP/1.1" 307 Temporary Redirect
INFO:     200.188.103.224:62355 - "GET /catalog/service-per-customer HTTP/1.1" 307 Temporary Redirect
INFO:     200.188.103.224:62354 - "GET /catalog/services HTTP/1.1" 307 Temporary Redirect
INFO:     200.188.103.224:62353 - "GET /catalog/service-per-customer/dropdown/companies HTTP/1.1" 200 OK
INFO:     200.188.103.224:62352 - "GET /catalog/services/ HTTP/1.1" 200 OK
INFO:     200.188.103.224:62341 - "GET /catalog/services/ HTTP/1.1" 200 OK
INFO:     200.188.103.224:62354 - "GET /catalog/service-per-customer/ HTTP/1.1" 200 OK
INFO:     200.188.103.224:62355 - "GET /catalog/service-per-customer/ HTTP/1.1" 200 OK
INFO:     200.188.103.224:62342 - "GET /catalog/service-per-customer/dropdown/clients?company_code=AISG HTTP/1.1" 200 OK
INFO:     200.188.103.224:62352 - "GET /catalog/service-per-customer/dropdown/clients?company_code=AISG HTTP/1.1" 200 OK
INFO:     200.188.103.224:62341 - "GET /catalog/service-per-customer/dropdown/clients?company_code=AST HTTP/1.1" 200 OK
INFO:     200.188.103.224:62342 - "GET /catalog/service-per-customer/dropdown/clients?company_code=AST HTTP/1.1" 200 OK
INFO:     200.188.103.224:62352 - "GET /catalog/service-per-customer/dropdown/clients?company_code=SOD HTTP/1.1" 200 OK
INFO:     200.188.103.224:62341 - "GET /catalog/service-per-customer/dropdown/clients?company_code=SOD HTTP/1.1" 200 OK
INFO:     200.188.103.224:62342 - "GET /catalog/service-per-customer/dropdown/clients?company_code=SOT HTTP/1.1" 200 OK
INFO:     200.188.103.224:62352 - "GET /catalog/service-per-customer/dropdown/clients?company_code=SOT HTTP/1.1" 200 OK
INFO:     200.188.103.224:62341 - "GET /catalog/service-per-customer?fuselage_type=t HTTP/1.1" 307 Temporary Redirect
INFO:     200.188.103.224:62342 - "GET /catalog/service-per-customer/?fuselage_type=t HTTP/1.1" 200 OK
INFO:     200.188.103.224:62341 - "GET /catalog/service-per-customer HTTP/1.1" 307 Temporary Redirect
INFO:     200.188.103.224:62342 - "GET /catalog/service-per-customer/ HTTP/1.1" 200 OK
INFO:     200.188.103.224:62341 - "GET /catalog/service-per-customer?fuselage_type=T HTTP/1.1" 307 Temporary Redirect
INFO:     200.188.103.224:62342 - "GET /catalog/service-per-customer?fuselage_type=TR HTTP/1.1" 307 Temporary Redirect
INFO:     200.188.103.224:62341 - "GET /catalog/service-per-customer/?fuselage_type=T HTTP/1.1" 200 OK
INFO:     200.188.103.224:62342 - "GET /catalog/service-per-customer/?fuselage_type=TR HTTP/1.1" 200 OK
INFO:     200.188.103.224:62359 - "GET /catalog/service-per-customer?fuselage_type=TRR HTTP/1.1" 307 Temporary Redirect
INFO:     200.188.103.224:62359 - "GET /catalog/service-per-customer/?fuselage_type=TRR HTTP/1.1" 200 OK
INFO:     200.188.103.224:62341 - "GET /catalog/service-per-customer?fuselage_type=TRR%3D HTTP/1.1" 307 Temporary Redirect
INFO:     200.188.103.224:62342 - "GET /catalog/service-per-customer?fuselage_type=TRR HTTP/1.1" 307 Temporary Redirect
INFO:     200.188.103.224:62342 - "GET /catalog/service-per-customer/?fuselage_type=TRR HTTP/1.1" 200 OK
INFO:     200.188.103.224:62341 - "GET /catalog/service-per-customer/?fuselage_type=TRR%3D HTTP/1.1" 200 OK
INFO:     200.188.103.224:62359 - "GET /catalog/service-per-customer?fuselage_type=TR HTTP/1.1" 307 Temporary Redirect
INFO:     200.188.103.224:62359 - "GET /catalog/service-per-customer/?fuselage_type=TR HTTP/1.1" 200 OK
INFO:     200.188.103.224:62342 - "GET /catalog/service-per-customer?fuselage_type=T HTTP/1.1" 307 Temporary Redirect
INFO:     200.188.103.224:62342 - "GET /catalog/service-per-customer HTTP/1.1" 307 Temporary Redirect
INFO:     200.188.103.224:62341 - "GET /catalog/service-per-customer/?fuselage_type=T HTTP/1.1" 200 OK
INFO:     200.188.103.224:62342 - "GET /catalog/service-per-customer/ HTTP/1.1" 200 OK
INFO:     200.188.103.224:62342 - "GET /catalog/services HTTP/1.1" 307 Temporary Redirect
INFO:     200.188.103.224:62359 - "GET /catalog/service-per-customer/dropdown/companies HTTP/1.1" 200 OK
INFO:     200.188.103.224:62341 - "GET /catalog/service-per-customer/dropdown/companies HTTP/1.1" 200 OK
INFO:     200.188.103.224:62342 - "GET /catalog/service-per-customer HTTP/1.1" 307 Temporary Redirect
INFO:     200.188.103.224:62361 - "GET /catalog/services HTTP/1.1" 307 Temporary Redirect
INFO:     200.188.103.224:62362 - "GET /catalog/service-per-customer HTTP/1.1" 307 Temporary Redirect
INFO:     200.188.103.224:62363 - "GET /catalog/services/ HTTP/1.1" 200 OK
INFO:     200.188.103.224:62342 - "GET /catalog/service-per-customer/ HTTP/1.1" 200 OK
INFO:     200.188.103.224:62361 - "GET /catalog/services/ HTTP/1.1" 200 OK
INFO:     200.188.103.224:62362 - "GET /catalog/service-per-customer/ HTTP/1.1" 200 OK
INFO:     200.188.103.224:62359 - "GET /catalog/service-per-customer/dropdown/clients?company_code=AISG HTTP/1.1" 200 OK
INFO:     200.188.103.224:62341 - "GET /catalog/service-per-customer/dropdown/clients?company_code=AISG HTTP/1.1" 200 OK
INFO:     200.188.103.224:62342 - "GET /catalog/service-per-customer/dropdown/clients?company_code=AST HTTP/1.1" 200 OK
INFO:     200.188.103.224:62359 - "GET /catalog/service-per-customer/dropdown/clients?company_code=AST HTTP/1.1" 200 OK
INFO:     200.188.103.224:62341 - "GET /catalog/service-per-customer/dropdown/clients?company_code=SOD HTTP/1.1" 200 OK
INFO:     200.188.103.224:62342 - "GET /catalog/service-per-customer/dropdown/clients?company_code=SOD HTTP/1.1" 200 OK
INFO:     200.188.103.224:62359 - "GET /catalog/service-per-customer/dropdown/clients?company_code=SOT HTTP/1.1" 200 OK
INFO:     200.188.103.224:62342 - "GET /catalog/service-per-customer/dropdown/clients?company_code=SOT HTTP/1.1" 200 OK
INFO:     200.188.103.224:62342 - "GET /catalog/services HTTP/1.1" 307 Temporary Redirect
INFO:     200.188.103.224:62341 - "GET /catalog/service-status HTTP/1.1" 200 OK
INFO:     200.188.103.224:62359 - "GET /catalog/service-categories HTTP/1.1" 200 OK
INFO:     200.188.103.224:62363 - "GET /catalog/service-includes HTTP/1.1" 200 OK
INFO:     200.188.103.224:62362 - "GET /catalog/service-types HTTP/1.1" 200 OK
INFO:     200.188.103.224:62361 - "GET /catalog/service-status HTTP/1.1" 200 OK
INFO:     200.188.103.224:62342 - "GET /catalog/service-classification HTTP/1.1" 307 Temporary Redirect
INFO:     200.188.103.224:62342 - "GET /catalog/service-categories HTTP/1.1" 200 OK
INFO:     200.188.103.224:62359 - "GET /catalog/service-types HTTP/1.1" 200 OK
INFO:     200.188.103.224:62361 - "GET /catalog/service-classification HTTP/1.1" 307 Temporary Redirect
INFO:     200.188.103.224:62362 - "GET /catalog/services HTTP/1.1" 307 Temporary Redirect
INFO:     200.188.103.224:62363 - "GET /catalog/service-includes HTTP/1.1" 200 OK
INFO:     200.188.103.224:62341 - "GET /catalog/services/ HTTP/1.1" 200 OK
INFO:     200.188.103.224:62361 - "GET /catalog/service-classification/ HTTP/1.1" 200 OK
INFO:     200.188.103.224:62342 - "GET /catalog/service-classification/ HTTP/1.1" 200 OK
INFO:     200.188.103.224:62362 - "GET /catalog/services/ HTTP/1.1" 200 OK
INFO:     200.188.103.224:62359 - "GET /catalog/services?search=S HTTP/1.1" 307 Temporary Redirect
INFO:     200.188.103.224:62341 - "GET /catalog/services/?search=S HTTP/1.1" 200 OK
INFO:     200.188.103.224:62342 - "GET /catalog/services?search=SS HTTP/1.1" 307 Temporary Redirect
INFO:     200.188.103.224:62359 - "GET /catalog/services/?search=SS HTTP/1.1" 200 OK
INFO:     200.188.103.224:62341 - "GET /catalog/services?search=SSC HTTP/1.1" 307 Temporary Redirect
INFO:     200.188.103.224:62342 - "GET /catalog/services/?search=SSC HTTP/1.1" 200 OK
INFO:     200.188.103.224:62359 - "GET /catalog/services HTTP/1.1" 307 Temporary Redirect
INFO:     200.188.103.224:62341 - "GET /catalog/services/ HTTP/1.1" 200 OK
INFO:     200.188.103.224:62342 - "GET /catalog/services?search=A HTTP/1.1" 307 Temporary Redirect
INFO:     200.188.103.224:62359 - "GET /catalog/services?search=AC HTTP/1.1" 307 Temporary Redirect
INFO:     200.188.103.224:62341 - "GET /catalog/services/?search=A HTTP/1.1" 200 OK
INFO:     200.188.103.224:62342 - "GET /catalog/services/?search=AC HTTP/1.1" 200 OK
INFO:     200.188.103.224:62359 - "GET /catalog/services?search=ACT HTTP/1.1" 307 Temporary Redirect
INFO:     200.188.103.224:62341 - "GET /catalog/services/?search=ACT HTTP/1.1" 200 OK
INFO:     200.188.103.224:62342 - "GET /catalog/services?search=ACTI HTTP/1.1" 307 Temporary Redirect
INFO:     200.188.103.224:62359 - "GET /catalog/services/?search=ACTI HTTP/1.1" 200 OK
INFO:     200.188.103.224:62342 - "GET /catalog/services?search=ACTIV HTTP/1.1" 307 Temporary Redirect
INFO:     200.188.103.224:62341 - "GET /catalog/services/?search=ACTIV HTTP/1.1" 200 OK
INFO:     200.188.103.224:62359 - "GET /catalog/services?search=ACTIVE HTTP/1.1" 307 Temporary Redirect
INFO:     200.188.103.224:62342 - "GET /catalog/services/?search=ACTIVE HTTP/1.1" 200 OK
INFO:     200.188.103.224:62359 - "GET /catalog/services?search=ACTIV HTTP/1.1" 307 Temporary Redirect
INFO:     200.188.103.224:62342 - "GET /catalog/services?search=ACTI HTTP/1.1" 307 Temporary Redirect
INFO:     200.188.103.224:62341 - "GET /catalog/services/?search=ACTIV HTTP/1.1" 200 OK
INFO:     200.188.103.224:62359 - "GET /catalog/services/?search=ACTI HTTP/1.1" 200 OK
INFO:     200.188.103.224:62342 - "GET /catalog/services?search=ACT HTTP/1.1" 307 Temporary Redirect
INFO:     200.188.103.224:62341 - "GET /catalog/services/?search=ACT HTTP/1.1" 200 OK
INFO:     200.188.103.224:62342 - "GET /catalog/services?search=AC HTTP/1.1" 307 Temporary Redirect
INFO:     200.188.103.224:62359 - "GET /catalog/services/?search=AC HTTP/1.1" 200 OK
INFO:     200.188.103.224:62342 - "GET /catalog/services?search=A HTTP/1.1" 307 Temporary Redirect
INFO:     200.188.103.224:62341 - "GET /catalog/services/?search=A HTTP/1.1" 200 OK
INFO:     200.188.103.224:62359 - "GET /catalog/services HTTP/1.1" 307 Temporary Redirect
INFO:     200.188.103.224:62342 - "GET /catalog/services/ HTTP/1.1" 200 OK
INFO:     200.188.103.224:62341 - "GET /reports/operation-reports-v2 HTTP/1.1" 200 OK
INFO:     200.188.103.224:62359 - "GET /reports/operation-reports-v2 HTTP/1.1" 200 OK
INFO:     200.188.103.224:62383 - "GET /reports/operation-reports-v2 HTTP/1.1" 200 OK
INFO:     200.188.103.224:62384 - "GET /reports/operation-reports-v2 HTTP/1.1" 200 OK
INFO:     200.188.103.224:62383 - "GET /catalog/service-per-customer/dropdown/companies HTTP/1.1" 200 OK
INFO:     200.188.103.224:62384 - "GET /catalog/services HTTP/1.1" 307 Temporary Redirect
INFO:     200.188.103.224:62388 - "GET /catalog/services HTTP/1.1" 307 Temporary Redirect
INFO:     200.188.103.224:62384 - "GET /catalog/service-per-customer HTTP/1.1" 307 Temporary Redirect
INFO:     200.188.103.224:62386 - "GET /catalog/service-per-customer HTTP/1.1" 307 Temporary Redirect
INFO:     200.188.103.224:62387 - "GET /catalog/service-per-customer/dropdown/companies HTTP/1.1" 200 OK
INFO:     200.188.103.224:62389 - "GET /catalog/services/ HTTP/1.1" 200 OK
INFO:     200.188.103.224:62384 - "GET /catalog/services/ HTTP/1.1" 200 OK
INFO:     200.188.103.224:62388 - "GET /catalog/service-per-customer/ HTTP/1.1" 200 OK
INFO:     200.188.103.224:62383 - "GET /catalog/service-per-customer/ HTTP/1.1" 200 OK
INFO:     200.188.103.224:62386 - "GET /catalog/service-per-customer/dropdown/clients?company_code=AISG HTTP/1.1" 200 OK
INFO:     200.188.103.224:62389 - "GET /catalog/service-per-customer/dropdown/clients?company_code=AISG HTTP/1.1" 200 OK
INFO:     200.188.103.224:62389 - "GET /catalog/service-per-customer/dropdown/clients?company_code=AST HTTP/1.1" 200 OK
INFO:     200.188.103.224:62386 - "GET /catalog/service-per-customer/dropdown/clients?company_code=AST HTTP/1.1" 200 OK
INFO:     200.188.103.224:62386 - "GET /catalog/service-per-customer/dropdown/clients?company_code=SOD HTTP/1.1" 200 OK
INFO:     200.188.103.224:62389 - "GET /catalog/service-per-customer/dropdown/clients?company_code=SOD HTTP/1.1" 200 OK
INFO:     200.188.103.224:62386 - "GET /catalog/service-per-customer/dropdown/clients?company_code=SOT HTTP/1.1" 200 OK
INFO:     200.188.103.224:62389 - "GET /catalog/service-per-customer/dropdown/clients?company_code=SOT HTTP/1.1" 200 OK
INFO:     200.188.103.224:62425 - "GET /catalog/services HTTP/1.1" 307 Temporary Redirect
INFO:     200.188.103.224:62428 - "GET /catalog/service-per-customer HTTP/1.1" 307 Temporary Redirect
INFO:     200.188.103.224:62427 - "GET /catalog/services HTTP/1.1" 307 Temporary Redirect
INFO:     200.188.103.224:62426 - "GET /catalog/service-per-customer HTTP/1.1" 307 Temporary Redirect
INFO:     200.188.103.224:62423 - "GET /catalog/service-per-customer/dropdown/companies HTTP/1.1" 200 OK
INFO:     200.188.103.224:62424 - "GET /catalog/service-per-customer/dropdown/companies HTTP/1.1" 200 OK
INFO:     200.188.103.224:62425 - "GET /catalog/services/ HTTP/1.1" 200 OK
INFO:     200.188.103.224:62428 - "GET /catalog/service-per-customer/ HTTP/1.1" 200 OK
INFO:     200.188.103.224:62427 - "GET /catalog/service-per-customer/ HTTP/1.1" 200 OK
INFO:     200.188.103.224:62426 - "GET /catalog/services/ HTTP/1.1" 200 OK
INFO:     200.188.103.224:62424 - "GET /catalog/service-per-customer/dropdown/clients?company_code=AISG HTTP/1.1" 200 OK
INFO:     200.188.103.224:62423 - "GET /catalog/service-per-customer/dropdown/clients?company_code=AISG HTTP/1.1" 200 OK
INFO:     200.188.103.224:62423 - "GET /catalog/service-per-customer/dropdown/clients?company_code=AST HTTP/1.1" 200 OK
INFO:     200.188.103.224:62424 - "GET /catalog/service-per-customer/dropdown/clients?company_code=AST HTTP/1.1" 200 OK
INFO:     200.188.103.224:62423 - "GET /catalog/service-per-customer/dropdown/clients?company_code=SOD HTTP/1.1" 200 OK
INFO:     200.188.103.224:62424 - "GET /catalog/service-per-customer/dropdown/clients?company_code=SOD HTTP/1.1" 200 OK
INFO:     200.188.103.224:62423 - "GET /catalog/service-per-customer/dropdown/clients?company_code=SOT HTTP/1.1" 200 OK
INFO:     200.188.103.224:62424 - "GET /catalog/service-per-customer/dropdown/clients?company_code=SOT HTTP/1.1" 200 OK
INFO:     200.188.103.224:62433 - "GET /catalog/service-categories HTTP/1.1" 200 OK
INFO:     200.188.103.224:62435 - "GET /catalog/services HTTP/1.1" 307 Temporary Redirect
INFO:     200.188.103.224:62432 - "GET /catalog/service-status HTTP/1.1" 200 OK
INFO:     200.188.103.224:62436 - "GET /catalog/service-includes HTTP/1.1" 200 OK
INFO:     200.188.103.224:62437 - "GET /catalog/service-status HTTP/1.1" 200 OK
INFO:     200.188.103.224:62434 - "GET /catalog/service-types HTTP/1.1" 200 OK
INFO:     200.188.103.224:62435 - "GET /catalog/service-classification HTTP/1.1" 307 Temporary Redirect
INFO:     200.188.103.224:62435 - "GET /catalog/service-types HTTP/1.1" 200 OK
INFO:     200.188.103.224:62433 - "GET /catalog/service-categories HTTP/1.1" 200 OK
INFO:     200.188.103.224:62432 - "GET /catalog/service-includes HTTP/1.1" 200 OK
INFO:     200.188.103.224:62437 - "GET /catalog/service-classification HTTP/1.1" 307 Temporary Redirect
INFO:     200.188.103.224:62434 - "GET /catalog/services HTTP/1.1" 307 Temporary Redirect
INFO:     200.188.103.224:62436 - "GET /catalog/services/ HTTP/1.1" 200 OK
INFO:     200.188.103.224:62433 - "GET /catalog/service-classification/ HTTP/1.1" 200 OK
INFO:     200.188.103.224:62437 - "GET /catalog/services/ HTTP/1.1" 200 OK
INFO:     200.188.103.224:62434 - "GET /catalog/service-classification/ HTTP/1.1" 200 OK
INFO:     200.188.103.224:62477 - "GET /catalog/service-classification HTTP/1.1" 307 Temporary Redirect
INFO:     200.188.103.224:62478 - "GET /catalog/services HTTP/1.1" 307 Temporary Redirect
INFO:     200.188.103.224:62474 - "GET /catalog/service-categories HTTP/1.1" 200 OK
INFO:     200.188.103.224:62473 - "GET /catalog/service-status HTTP/1.1" 200 OK
INFO:     200.188.103.224:62475 - "GET /catalog/service-types HTTP/1.1" 200 OK
INFO:     200.188.103.224:62476 - "GET /catalog/service-includes HTTP/1.1" 200 OK
INFO:     200.188.103.224:62477 - "GET /catalog/service-categories HTTP/1.1" 200 OK
INFO:     200.188.103.224:62478 - "GET /catalog/service-status HTTP/1.1" 200 OK
INFO:     200.188.103.224:62474 - "GET /catalog/service-types HTTP/1.1" 200 OK
INFO:     200.188.103.224:62475 - "GET /catalog/service-classification HTTP/1.1" 307 Temporary Redirect
INFO:     200.188.103.224:62473 - "GET /catalog/services HTTP/1.1" 307 Temporary Redirect
INFO:     200.188.103.224:62476 - "GET /catalog/service-includes HTTP/1.1" 200 OK
INFO:     200.188.103.224:62477 - "GET /catalog/services/ HTTP/1.1" 200 OK
INFO:     200.188.103.224:62475 - "GET /catalog/service-classification/ HTTP/1.1" 200 OK
INFO:     200.188.103.224:62473 - "GET /catalog/service-classification/ HTTP/1.1" 200 OK
INFO:     200.188.103.224:62478 - "GET /catalog/services/ HTTP/1.1" 200 OK
INFO:     200.188.103.224:62487 - "GET /catalog/service-classification HTTP/1.1" 307 Temporary Redirect
INFO:     200.188.103.224:62486 - "GET /catalog/service-status HTTP/1.1" 200 OK
INFO:     200.188.103.224:62488 - "GET /catalog/service-categories HTTP/1.1" 200 OK
INFO:     200.188.103.224:62490 - "GET /catalog/service-status HTTP/1.1" 200 OK
INFO:     200.188.103.224:62491 - "GET /catalog/service-includes HTTP/1.1" 200 OK
INFO:     200.188.103.224:62489 - "GET /catalog/service-types HTTP/1.1" 200 OK
INFO:     200.188.103.224:62487 - "GET /catalog/service-classification HTTP/1.1" 307 Temporary Redirect
INFO:     200.188.103.224:62487 - "GET /catalog/service-categories HTTP/1.1" 200 OK
INFO:     200.188.103.224:62488 - "GET /catalog/service-types HTTP/1.1" 200 OK
INFO:     200.188.103.224:62486 - "GET /catalog/service-includes HTTP/1.1" 200 OK
INFO:     200.188.103.224:62490 - "GET /catalog/service-classification/ HTTP/1.1" 200 OK
INFO:     200.188.103.224:62491 - "GET /catalog/service-classification/ HTTP/1.1" 200 OK
INFO:     200.188.103.224:62490 - "GET /catalog/service-classification HTTP/1.1" 307 Temporary Redirect
INFO:     200.188.103.224:62487 - "GET /catalog/service-status HTTP/1.1" 200 OK
INFO:     200.188.103.224:62488 - "GET /catalog/service-categories HTTP/1.1" 200 OK
INFO:     200.188.103.224:62486 - "GET /catalog/service-types HTTP/1.1" 200 OK
INFO:     200.188.103.224:62491 - "GET /catalog/service-includes HTTP/1.1" 200 OK
INFO:     200.188.103.224:62489 - "GET /catalog/service-status HTTP/1.1" 200 OK
INFO:     200.188.103.224:62490 - "GET /catalog/service-categories HTTP/1.1" 200 OK
INFO:     200.188.103.224:62488 - "GET /catalog/services HTTP/1.1" 307 Temporary Redirect
INFO:     200.188.103.224:62491 - "GET /catalog/service-classification HTTP/1.1" 307 Temporary Redirect
INFO:     200.188.103.224:62488 - "GET /catalog/services HTTP/1.1" 307 Temporary Redirect
INFO:     200.188.103.224:62487 - "GET /catalog/service-includes HTTP/1.1" 200 OK
INFO:     200.188.103.224:62486 - "GET /catalog/service-types HTTP/1.1" 200 OK
INFO:     200.188.103.224:62489 - "GET /catalog/service-classification/ HTTP/1.1" 200 OK
INFO:     200.188.103.224:62490 - "GET /catalog/services/ HTTP/1.1" 200 OK
INFO:     200.188.103.224:62491 - "GET /catalog/service-classification/ HTTP/1.1" 200 OK
INFO:     200.188.103.224:62488 - "GET /catalog/services/ HTTP/1.1" 200 OK
INFO:     200.188.103.224:62525 - "GET /catalog/services HTTP/1.1" 307 Temporary Redirect
INFO:     200.188.103.224:62524 - "GET /catalog/service-classification HTTP/1.1" 307 Temporary Redirect
INFO:     200.188.103.224:62520 - "GET /catalog/service-status HTTP/1.1" 200 OK
INFO:     200.188.103.224:62522 - "GET /catalog/service-types HTTP/1.1" 200 OK
INFO:     200.188.103.224:62521 - "GET /catalog/service-categories HTTP/1.1" 200 OK
INFO:     200.188.103.224:62523 - "GET /catalog/service-includes HTTP/1.1" 200 OK
INFO:     200.188.103.224:62525 - "GET /catalog/service-status HTTP/1.1" 200 OK
INFO:     200.188.103.224:62524 - "GET /catalog/service-categories HTTP/1.1" 200 OK
INFO:     200.188.103.224:62521 - "GET /catalog/service-types HTTP/1.1" 200 OK
INFO:     200.188.103.224:62522 - "GET /catalog/service-classification HTTP/1.1" 307 Temporary Redirect
INFO:     200.188.103.224:62523 - "GET /catalog/services HTTP/1.1" 307 Temporary Redirect
INFO:     200.188.103.224:62520 - "GET /catalog/service-includes HTTP/1.1" 200 OK
INFO:     200.188.103.224:62524 - "GET /catalog/services/ HTTP/1.1" 200 OK
INFO:     200.188.103.224:62525 - "GET /catalog/service-classification/ HTTP/1.1" 200 OK
INFO:     200.188.103.224:62523 - "GET /catalog/service-classification/ HTTP/1.1" 200 OK
INFO:     200.188.103.224:62522 - "GET /catalog/services/ HTTP/1.1" 200 OK
