Wed May 21 20:15:12 UTC 2025 - INICIANDO AISG
Wed May 21 20:15:12 UTC 2025 - Instalando dependencias de backend...
Requirement already satisfied: fastapi==0.95.2 in ./venv/lib/python3.11/site-packages (from fastapi[all]==0.95.2->-r requirements.txt (line 1)) (0.95.2)
Requirement already satisfied: sqlalchemy==1.4.49 in ./venv/lib/python3.11/site-packages (from -r requirements.txt (line 2)) (1.4.49)
Requirement already satisfied: pydantic==1.10.12 in ./venv/lib/python3.11/site-packages (from -r requirements.txt (line 3)) (1.10.12)
Requirement already satisfied: python-dotenv==1.0.1 in ./venv/lib/python3.11/site-packages (from -r requirements.txt (line 4)) (1.0.1)
Requirement already satisfied: pyodbc==5.1.0 in ./venv/lib/python3.11/site-packages (from -r requirements.txt (line 5)) (5.1.0)
Requirement already satisfied: starlette<0.28.0,>=0.27.0 in ./venv/lib/python3.11/site-packages (from fastapi==0.95.2->fastapi[all]==0.95.2->-r requirements.txt (line 1)) (0.27.0)
Requirement already satisfied: typing-extensions>=4.2.0 in ./venv/lib/python3.11/site-packages (from pydantic==1.10.12->-r requirements.txt (line 3)) (4.13.2)
Requirement already satisfied: greenlet!=0.4.17 in ./venv/lib/python3.11/site-packages (from sqlalchemy==1.4.49->-r requirements.txt (line 2)) (3.2.2)
Requirement already satisfied: email-validator>=1.1.1 in ./venv/lib/python3.11/site-packages (from fastapi[all]==0.95.2->-r requirements.txt (line 1)) (2.2.0)
Requirement already satisfied: httpx>=0.23.0 in ./venv/lib/python3.11/site-packages (from fastapi[all]==0.95.2->-r requirements.txt (line 1)) (0.28.1)
Requirement already satisfied: itsdangerous>=1.1.0 in ./venv/lib/python3.11/site-packages (from fastapi[all]==0.95.2->-r requirements.txt (line 1)) (2.2.0)
Requirement already satisfied: jinja2>=2.11.2 in ./venv/lib/python3.11/site-packages (from fastapi[all]==0.95.2->-r requirements.txt (line 1)) (3.1.6)
Requirement already satisfied: orjson>=3.2.1 in ./venv/lib/python3.11/site-packages (from fastapi[all]==0.95.2->-r requirements.txt (line 1)) (3.10.18)
Requirement already satisfied: python-multipart>=0.0.5 in ./venv/lib/python3.11/site-packages (from fastapi[all]==0.95.2->-r requirements.txt (line 1)) (0.0.20)
Requirement already satisfied: pyyaml>=5.3.1 in ./venv/lib/python3.11/site-packages (from fastapi[all]==0.95.2->-r requirements.txt (line 1)) (6.0.2)
Requirement already satisfied: ujson!=4.0.2,!=4.1.0,!=4.2.0,!=4.3.0,!=5.0.0,!=5.1.0,>=4.0.1 in ./venv/lib/python3.11/site-packages (from fastapi[all]==0.95.2->-r requirements.txt (line 1)) (5.10.0)
Requirement already satisfied: uvicorn>=0.12.0 in ./venv/lib/python3.11/site-packages (from uvicorn[standard]>=0.12.0; extra == "all"->fastapi[all]==0.95.2->-r requirements.txt (line 1)) (0.34.2)
Requirement already satisfied: anyio<5,>=3.4.0 in ./venv/lib/python3.11/site-packages (from starlette<0.28.0,>=0.27.0->fastapi==0.95.2->fastapi[all]==0.95.2->-r requirements.txt (line 1)) (4.9.0)
Requirement already satisfied: idna>=2.8 in ./venv/lib/python3.11/site-packages (from anyio<5,>=3.4.0->starlette<0.28.0,>=0.27.0->fastapi==0.95.2->fastapi[all]==0.95.2->-r requirements.txt (line 1)) (3.10)
Requirement already satisfied: sniffio>=1.1 in ./venv/lib/python3.11/site-packages (from anyio<5,>=3.4.0->starlette<0.28.0,>=0.27.0->fastapi==0.95.2->fastapi[all]==0.95.2->-r requirements.txt (line 1)) (1.3.1)
Requirement already satisfied: dnspython>=2.0.0 in ./venv/lib/python3.11/site-packages (from email-validator>=1.1.1->fastapi[all]==0.95.2->-r requirements.txt (line 1)) (2.7.0)
Requirement already satisfied: certifi in ./venv/lib/python3.11/site-packages (from httpx>=0.23.0->fastapi[all]==0.95.2->-r requirements.txt (line 1)) (2025.4.26)
Requirement already satisfied: httpcore==1.* in ./venv/lib/python3.11/site-packages (from httpx>=0.23.0->fastapi[all]==0.95.2->-r requirements.txt (line 1)) (1.0.9)
Requirement already satisfied: h11>=0.16 in ./venv/lib/python3.11/site-packages (from httpcore==1.*->httpx>=0.23.0->fastapi[all]==0.95.2->-r requirements.txt (line 1)) (0.16.0)
Requirement already satisfied: MarkupSafe>=2.0 in ./venv/lib/python3.11/site-packages (from jinja2>=2.11.2->fastapi[all]==0.95.2->-r requirements.txt (line 1)) (3.0.2)
Requirement already satisfied: click>=7.0 in ./venv/lib/python3.11/site-packages (from uvicorn>=0.12.0->uvicorn[standard]>=0.12.0; extra == "all"->fastapi[all]==0.95.2->-r requirements.txt (line 1)) (8.2.1)
Requirement already satisfied: httptools>=0.6.3 in ./venv/lib/python3.11/site-packages (from uvicorn[standard]>=0.12.0; extra == "all"->fastapi[all]==0.95.2->-r requirements.txt (line 1)) (0.6.4)
Requirement already satisfied: uvloop!=0.15.0,!=0.15.1,>=0.14.0 in ./venv/lib/python3.11/site-packages (from uvicorn[standard]>=0.12.0; extra == "all"->fastapi[all]==0.95.2->-r requirements.txt (line 1)) (0.21.0)
Requirement already satisfied: watchfiles>=0.13 in ./venv/lib/python3.11/site-packages (from uvicorn[standard]>=0.12.0; extra == "all"->fastapi[all]==0.95.2->-r requirements.txt (line 1)) (1.0.5)
Requirement already satisfied: websockets>=10.4 in ./venv/lib/python3.11/site-packages (from uvicorn[standard]>=0.12.0; extra == "all"->fastapi[all]==0.95.2->-r requirements.txt (line 1)) (15.0.1)
Wed May 21 20:15:12 UTC 2025 - Activando backend (FastAPI)...
Wed May 21 20:15:12 UTC 2025 - Backend iniciado con PID: 3018749
Wed May 21 20:15:12 UTC 2025 - Instalando dependencias de frontend...
INFO:     Will watch for changes in these directories: ['/root/aisg_project']
INFO:     Uvicorn running on http://0.0.0.0:8000 (Press CTRL+C to quit)
INFO:     Started reloader process [3018749] using WatchFiles
INFO:     Started server process [3018762]
INFO:     Waiting for application startup.
INFO:     Application startup complete.
npm WARN EBADENGINE Unsupported engine {
npm WARN EBADENGINE   package: 'react-router@7.6.0',
npm WARN EBADENGINE   required: { node: '>=20.0.0' },
npm WARN EBADENGINE   current: { node: 'v18.19.0', npm: '9.2.0' }
npm WARN EBADENGINE }
npm WARN EBADENGINE Unsupported engine {
npm WARN EBADENGINE   package: 'react-router-dom@7.6.0',
npm WARN EBADENGINE   required: { node: '>=20.0.0' },
npm WARN EBADENGINE   current: { node: 'v18.19.0', npm: '9.2.0' }
npm WARN EBADENGINE }

up to date, audited 359 packages in 810ms

81 packages are looking for funding
  run `npm fund` for details

found 0 vulnerabilities
Wed May 21 20:15:14 UTC 2025 - Compilando frontend (build)...

> frontend@0.0.0 build
> vite build

vite v6.3.5 building for production...
transforming...
✓ 130 modules transformed.
rendering chunks...
computing gzip size...
dist/index.html                     0.46 kB │ gzip:   0.30 kB
dist/assets/bg-aisg-D-1-79pi.jpg  180.41 kB
dist/assets/index-0Ol4XIJB.css     28.74 kB │ gzip:   5.55 kB
dist/assets/index-1an5akjQ.js     441.02 kB │ gzip: 106.85 kB
✓ built in 2.91s
Wed May 21 20:15:17 UTC 2025 - Activando frontend (Vite Preview)...
Wed May 21 20:15:17 UTC 2025 - Frontend iniciado con PID: 3018865
Wed May 21 20:15:17 UTC 2025 - AISG levantado correctamente
Wed May 21 20:15:17 UTC 2025 - Backend: http://82.165.213.124:8000/docs
Wed May 21 20:15:17 UTC 2025 - Frontend: http://82.165.213.124:4173/

> frontend@0.0.0 preview
> vite preview --host

  ➜  Local:   http://localhost:4174/
  ➜  Network: http://82.165.213.124:4174/
  ➜  Network: http://172.18.0.1:4174/
  ➜  Network: http://172.24.0.1:4174/
  ➜  Network: http://172.22.0.1:4174/
  ➜  Network: http://172.20.0.1:4174/
  ➜  Network: http://172.23.0.1:4174/
